#
# A fatal error has been detected by the Java Runtime Environment:
#
#  EXCEPTION_ACCESS_VIOLATION (0xc0000005) at pc=0x0000000100000002, pid=3312, tid=9236
#
# JRE version: OpenJDK Runtime Environment Microsoft-8035246 (17.0.8+7) (build 17.0.8+7-LTS)
# Java VM: OpenJDK 64-Bit Server VM Microsoft-8035246 (17.0.8+7-LTS, mixed mode, sharing, tiered, compressed oops, compressed class ptrs, g1 gc, windows-amd64)
# Problematic frame:
# V  [jvm.dll+0x3160a1]
#
# No core dump will be written. Minidumps are not enabled by default on client versions of Windows
#
# If you would like to submit a bug report, please visit:
#   https://github.com/microsoft/openjdk/issues
#

---------------  S U M M A R Y ------------

Command Line: --add-opens=java.base/java.lang=ALL-UNNAMED --add-opens=java.base/java.lang.invoke=ALL-UNNAMED --add-opens=java.base/java.util=ALL-UNNAMED --add-opens=java.prefs/java.util.prefs=ALL-UNNAMED --add-exports=jdk.compiler/com.sun.tools.javac.api=ALL-UNNAMED --add-exports=jdk.compiler/com.sun.tools.javac.util=ALL-UNNAMED --add-opens=java.base/java.util=ALL-UNNAMED --add-opens=java.prefs/java.util.prefs=ALL-UNNAMED --add-opens=java.base/java.nio.charset=ALL-UNNAMED --add-opens=java.base/java.net=ALL-UNNAMED --add-opens=java.base/java.util.concurrent.atomic=ALL-UNNAMED --add-opens=java.xml/javax.xml.namespace=ALL-UNNAMED -XX:MaxMetaspaceSize=512m -Xmx2048m -Dfile.encoding=windows-1252 -Duser.country=IN -Duser.language=en -Duser.variant -javaagent:C:\Users\software_team\.gradle\wrapper\dists\gradle-8.12-all\ejduaidbjup3bmmkhw3rie4zb\gradle-8.12\lib\agents\gradle-instrumentation-agent-8.12.jar org.gradle.launcher.daemon.bootstrap.GradleDaemon 8.12

Host: Intel(R) Core(TM) i5-2400 CPU @ 3.10GHz, 4 cores, 11G,  Windows 10 , 64 bit Build 19041 (10.0.19041.5438)
Time: Tue Mar 25 11:23:22 2025 India Standard Time elapsed time: 270.947251 seconds (0d 0h 4m 30s)

---------------  T H R E A D  ---------------

Current thread (0x00000226e80556c0):  GCTaskThread "GC Thread#0" [stack: 0x0000007da2700000,0x0000007da2800000] [id=9236]

Stack: [0x0000007da2700000,0x0000007da2800000],  sp=0x0000007da27ff930,  free space=1022k
Native frames: (J=compiled Java code, j=interpreted, Vv=VM code, C=native code)
C  0x0000000100000002


siginfo: EXCEPTION_ACCESS_VIOLATION (0xc0000005), data execution prevention violation at address 0x0000000100000002


Register to memory mapping:

RIP=0x0000000100000002 is an unknown value
RAX=0x0000000000000226 is an unknown value
RBX=
[error occurred during error reporting (printing register info), id 0xc0000005, EXCEPTION_ACCESS_VIOLATION (0xc0000005) at pc=0x00007ffe877c6fa1]

Registers:
RAX=0x0000000000000226, RBX=0x0000000085ec7740, RCX=0x0000007da27ff9f0, RDX=0x0000000085ec7700
RSP=0x0000007da27ff928, RBP=0x00000226e80a61e0, RSI=0x0000000085ec7700, RDI=0x0000000000000200
R8 =0x000002268f1df438, R9 =0x000002268f000000, R10=0x0000000000000048, R11=0x00000226f1d1f636
R12=0x0000000085ec8000, R13=0x00007ffe874f0000, R14=0x0000000000000000, R15=0x0000000085ec7700
RIP=0x0000000100000002, EFLAGS=0x0000000000010202

Top of Stack: (sp=0x0000007da27ff928)
0x0000007da27ff928:   00007ffe878060a1 0000000085ec7700
0x0000007da27ff938:   0000000085ec76e8 00000226e80a61e0
0x0000007da27ff948:   0000000000000007 00000000000001c0
0x0000007da27ff958:   0000007da27ffba0 00000226ac7146f0
0x0000007da27ff968:   00007ffe877f8958 0000000000000000
0x0000007da27ff978:   0000007da27ffba0 00000226f1d1f620
0x0000007da27ff988:   000000000000000a 00000226e8012360
0x0000007da27ff998:   0000000000000280 0000007da27ffba0
0x0000007da27ff9a8:   0000000085ec6c00 00000226e80a61e0
0x0000007da27ff9b8:   00007ffe87806f27 0000000085ec6c00
0x0000007da27ff9c8:   0000007da27ff9e0 0000007da27ff9f0
0x0000007da27ff9d8:   00000226e8055c30 0000000085ec6c00
0x0000007da27ff9e8:   0000000000000280 00007ffe87e4f758
0x0000007da27ff9f8:   0000000000000000 00000226e800bb90
0x0000007da27ffa08:   00000226ac7146f0 00000226f1d1f640
0x0000007da27ffa18:   00007ffe87808ede 000000000002f636 

Instructions: (pc=0x00007ffe878060a1)
0x00007ffe87805fa1:   c1 48 8b d3 48 8b cd e8 13 11 fc ff 48 8d 1c c3
0x00007ffe87805fb1:   e9 eb 00 00 00 80 3d e7 16 87 00 00 74 15 8b 53
0x00007ffe87805fc1:   08 8b 0d 30 53 80 00 48 d3 e2 48 03 15 1e 53 80
0x00007ffe87805fd1:   00 eb 04 48 8b 53 08 48 8b cb 45 32 f6 e8 5d 6b
0x00007ffe87805fe1:   cf ff 48 63 c8 48 8d 1c cb 40 84 ff 0f 85 ae 00
0x00007ffe87805ff1:   00 00 0f b6 15 aa 16 87 00 8b 0d f8 52 80 00 4c
0x00007ffe87806001:   8b 0d e9 52 80 00 84 d2 74 0f 44 8b 46 08 41 8b
0x00007ffe87806011:   c0 48 d3 e0 49 03 c1 eb 07 48 8b 46 08 44 8b c0
0x00007ffe87806021:   81 78 08 00 00 00 c0 7d 50 4c 3b bc 24 90 00 00
0x00007ffe87806031:   00 72 05 49 3b dc 76 41 84 d2 74 08 49 d3 e0 4d
0x00007ffe87806041:   03 c1 eb 04 4c 8b 46 08 48 8b 84 24 98 00 00 00
0x00007ffe87806051:   4c 8d 4c 24 30 48 8b 8c 24 a0 00 00 00 49 8b d7
0x00007ffe87806061:   0f 10 00 49 63 40 0c 0f 29 44 24 30 41 ff 94 c5
0x00007ffe87806071:   78 c0 b1 00 41 b6 01 eb 27 84 d2 74 08 49 d3 e0
0x00007ffe87806081:   4d 03 c1 eb 04 4c 8b 46 08 49 63 40 0c 49 8b d7
0x00007ffe87806091:   48 8b 8c 24 a0 00 00 00 41 ff 94 c5 48 c0 b1 00
0x00007ffe878060a1:   4c 8b 8c 24 a8 00 00 00 49 3b dc 0f 82 8e fe ff
0x00007ffe878060b1:   ff 45 84 f6 49 0f 45 dc 4c 8b 64 24 48 48 8b c3
0x00007ffe878060c1:   48 83 c4 50 41 5f 41 5e 41 5d 5f 5e 5d 5b c3 4c
0x00007ffe878060d1:   89 44 24 18 48 89 54 24 10 57 41 56 48 83 ec 58
0x00007ffe878060e1:   8b 81 94 00 00 00 4c 8b f1 48 8b 3d 97 80 8a 00
0x00007ffe878060f1:   c1 e8 02 a8 01 74 1d 0f 10 02 4c 8b cf 48 8d 54
0x00007ffe87806101:   24 20 0f 29 44 24 20 e8 c3 af ff ff 48 83 c4 58
0x00007ffe87806111:   41 5e 5f c3 48 8b 0a 48 8b 42 08 48 8b d1 48 89
0x00007ffe87806121:   9c 24 88 00 00 00 48 89 6c 24 50 48 89 74 24 48
0x00007ffe87806131:   4c 89 64 24 40 4c 8d 24 c1 48 89 4c 24 70 49 8b
0x00007ffe87806141:   ce 4c 89 6c 24 38 4c 89 7c 24 30 e8 9f 6e fc ff
0x00007ffe87806151:   48 8b d8 48 8b 87 c8 04 00 00 4c 8b a8 90 00 00
0x00007ffe87806161:   00 0f 1f 40 00 66 66 0f 1f 84 00 00 00 00 00 4c
0x00007ffe87806171:   8b fb 48 8b f3 49 3b 9e b8 00 00 00 73 3d 41 8b
0x00007ffe87806181:   4d 18 48 8b c3 49 2b 45 08 49 8b 55 20 48 c1 e8
0x00007ffe87806191:   03 48 d3 e8 4c 8b c0 24 3f 49 c1 e8 06 0f b6 c8 


Stack slot to memory mapping:
stack at sp + 0 slots: 0x0000000085ec7700 points into unknown readable memory: 0x0000000000000001 | 01 00 00 00 00 00 00 00
stack at sp + 1 slots: 0x0000000085ec76e8 is an oop: org.gradle.internal.instantiation.generator.ManagedObjectFactory$ManagedPropertyName 
{0x0000000085ec76e8} - klass: 'org/gradle/internal/instantiation/generator/ManagedObjectFactory$ManagedPropertyName'
 - ---- fields (total size 3 words):
 - private final 'ownerDisplayName' 'Lorg/gradle/internal/serialization/Cached;' @12  
[error occurred during error reporting (inspecting top of stack), id 0xc0000005, EXCEPTION_ACCESS_VIOLATION (0xc0000005) at pc=0x00007ffe87b58479]


---------------  P R O C E S S  ---------------

Threads class SMR info:
_java_thread_list=0x00000226b26a8d80, length=97, elements={
0x00000226e7ff9ef0, 0x00000226f8b23550, 0x00000226f8b24a80, 0x00000226f8b3aa00,
0x00000226f8b3e2f0, 0x00000226f8b3fbd0, 0x00000226f8b404a0, 0x00000226f8b41150,
0x00000226f8b442c0, 0x00000226fd03ec00, 0x00000226fd0c5010, 0x00000226fd1d2d90,
0x00000226fded9030, 0x00000226fde2ea00, 0x00000226fd1cb1a0, 0x00000226fdbc7b40,
0x00000226fde2e0a0, 0x00000226fdce4360, 0x00000226fdce5cb0, 0x00000226fdce4870,
0x00000226fdce57a0, 0x00000226fdce61c0, 0x00000226fdce4d80, 0x00000226fdce6be0,
0x00000226fdce3e50, 0x00000226fdce5290, 0x00000226fdce3940, 0x00000226fdce70f0,
0x00000226fee36c50, 0x00000226fee34df0, 0x00000226fee394d0, 0x00000226fee37670,
0x00000226fee343d0, 0x00000226fee32060, 0x00000226fee37160, 0x00000226fee37b80,
0x00000226fee38090, 0x00000226fee36740, 0x00000226fee35300, 0x00000226fee385a0,
0x00000226fee399e0, 0x00000226fee32570, 0x00000226fee32a80, 0x00000226fee35810,
0x00000226fee35d20, 0x00000226fee32f90, 0x00000226fee334a0, 0x00000226fee36230,
0x00000226aa8a0240, 0x00000226aa89b650, 0x00000226aa89bb60, 0x00000226aa89fd30,
0x00000226aa89e3e0, 0x00000226aa8a20a0, 0x00000226aa89e8f0, 0x00000226aa89ee00,
0x00000226aa89f310, 0x00000226aa89cfa0, 0x00000226aa89c580, 0x00000226aa8a1b90,
0x00000226aa8a25b0, 0x00000226aa89ca90, 0x00000226abf1bf70, 0x00000226abf1b040,
0x00000226abf1b550, 0x00000226abf1c480, 0x00000226abf196f0, 0x00000226abf1a110,
0x00000226abed6aa0, 0x00000226abed7ee0, 0x00000226abed5b70, 0x00000226abed5660,
0x00000226abed6080, 0x00000226abed79d0, 0x00000226abed74c0, 0x00000226abed6590,
0x00000226abed83f0, 0x00000226abed5150, 0x00000226aa89d9c0, 0x00000226aa8a1170,
0x00000226aa8a1680, 0x00000226aa8a2fd0, 0x00000226abf19c00, 0x00000226ab7e4ae0,
0x00000226ab7ea0f0, 0x00000226ab7e36a0, 0x00000226ab7e6430, 0x00000226ab7e7870,
0x00000226ab7e7d80, 0x00000226ab7e91c0, 0x00000226ab7e6940, 0x00000226ab7e8290,
0x00000226ab7e5500, 0x00000226ab7e6e50, 0x00000226ab7e8cb0, 0x00000226ab7e3190,
0x00000226aa89c070
}

Java Threads: ( => current thread )
  0x00000226e7ff9ef0 JavaThread "main" [_thread_blocked, id=4644, stack(0x0000007da2500000,0x0000007da2600000)]
  0x00000226f8b23550 JavaThread "Reference Handler" daemon [_thread_blocked, id=8236, stack(0x0000007da2d00000,0x0000007da2e00000)]
  0x00000226f8b24a80 JavaThread "Finalizer" daemon [_thread_blocked, id=2636, stack(0x0000007da2e00000,0x0000007da2f00000)]
  0x00000226f8b3aa00 JavaThread "Signal Dispatcher" daemon [_thread_blocked, id=368, stack(0x0000007da2f00000,0x0000007da3000000)]
  0x00000226f8b3e2f0 JavaThread "Attach Listener" daemon [_thread_blocked, id=10204, stack(0x0000007da3000000,0x0000007da3100000)]
  0x00000226f8b3fbd0 JavaThread "Service Thread" daemon [_thread_blocked, id=12516, stack(0x0000007da3100000,0x0000007da3200000)]
  0x00000226f8b404a0 JavaThread "Monitor Deflation Thread" daemon [_thread_blocked, id=11624, stack(0x0000007da3200000,0x0000007da3300000)]
  0x00000226f8b41150 JavaThread "C2 CompilerThread0" daemon [_thread_blocked, id=8892, stack(0x0000007da3300000,0x0000007da3400000)]
  0x00000226f8b442c0 JavaThread "C1 CompilerThread0" daemon [_thread_blocked, id=8620, stack(0x0000007da3400000,0x0000007da3500000)]
  0x00000226fd03ec00 JavaThread "Sweeper thread" daemon [_thread_blocked, id=9332, stack(0x0000007da3500000,0x0000007da3600000)]
  0x00000226fd0c5010 JavaThread "Common-Cleaner" daemon [_thread_blocked, id=11744, stack(0x0000007da3600000,0x0000007da3700000)]
  0x00000226fd1d2d90 JavaThread "Notification Thread" daemon [_thread_blocked, id=2600, stack(0x0000007da3700000,0x0000007da3800000)]
  0x00000226fded9030 JavaThread "Daemon health stats" [_thread_blocked, id=12424, stack(0x0000007da3c00000,0x0000007da3d00000)]
  0x00000226fde2ea00 JavaThread "Incoming local TCP Connector on port 57201" [_thread_in_native, id=9960, stack(0x0000007da3d00000,0x0000007da3e00000)]
  0x00000226fd1cb1a0 JavaThread "Daemon periodic checks" [_thread_blocked, id=1296, stack(0x0000007da3e00000,0x0000007da3f00000)]
  0x00000226fdbc7b40 JavaThread "Daemon" [_thread_blocked, id=8440, stack(0x0000007da3f00000,0x0000007da4000000)]
  0x00000226fde2e0a0 JavaThread "Handler for socket connection from /127.0.0.1:57201 to /127.0.0.1:57202" [_thread_in_native, id=12932, stack(0x0000007da4000000,0x0000007da4100000)]
  0x00000226fdce4360 JavaThread "Cancel handler" [_thread_blocked, id=8408, stack(0x0000007da4100000,0x0000007da4200000)]
  0x00000226fdce5cb0 JavaThread "Daemon worker" [_thread_blocked, id=1388, stack(0x0000007da4200000,0x0000007da4300000)]
  0x00000226fdce4870 JavaThread "Asynchronous log dispatcher for DefaultDaemonConnection: socket connection from /127.0.0.1:57201 to /127.0.0.1:57202" [_thread_blocked, id=1364, stack(0x0000007da4300000,0x0000007da4400000)]
  0x00000226fdce57a0 JavaThread "Stdin handler" [_thread_blocked, id=6728, stack(0x0000007da4400000,0x0000007da4500000)]
  0x00000226fdce61c0 JavaThread "Daemon client event forwarder" [_thread_blocked, id=9624, stack(0x0000007da4500000,0x0000007da4600000)]
  0x00000226fdce4d80 JavaThread "Cache worker for journal cache (C:\Users\software_team\.gradle\caches\journal-1)" [_thread_blocked, id=5860, stack(0x0000007da4600000,0x0000007da4700000)]
  0x00000226fdce6be0 JavaThread "File lock request listener" [_thread_in_native, id=12284, stack(0x0000007da4700000,0x0000007da4800000)]
  0x00000226fdce3e50 JavaThread "Cache worker for file hash cache (C:\Users\software_team\.gradle\caches\8.12\fileHashes)" [_thread_blocked, id=7576, stack(0x0000007da4800000,0x0000007da4900000)]
  0x00000226fdce5290 JavaThread "Cache worker for file hash cache (C:\vipin\xicomproject\android\.gradle\8.12\fileHashes)" [_thread_blocked, id=9888, stack(0x0000007da4900000,0x0000007da4a00000)]
  0x00000226fdce3940 JavaThread "Cache worker for Build Output Cleanup Cache (C:\vipin\xicomproject\android\.gradle\buildOutputCleanup)" [_thread_blocked, id=10508, stack(0x0000007da4a00000,0x0000007da4b00000)]
  0x00000226fdce70f0 JavaThread "File watcher server" daemon [_thread_in_native, id=4792, stack(0x0000007da4b00000,0x0000007da4c00000)]
  0x00000226fee36c50 JavaThread "File watcher consumer" daemon [_thread_blocked, id=8396, stack(0x0000007da4c00000,0x0000007da4d00000)]
  0x00000226fee34df0 JavaThread "jar transforms" [_thread_blocked, id=4488, stack(0x0000007da4d00000,0x0000007da4e00000)]
  0x00000226fee394d0 JavaThread "Cache worker for checksums cache (C:\vipin\xicomproject\android\.gradle\8.12\checksums)" [_thread_blocked, id=11096, stack(0x0000007da4e00000,0x0000007da4f00000)]
  0x00000226fee37670 JavaThread "Cache worker for file content cache (C:\Users\software_team\.gradle\caches\8.12\fileContent)" [_thread_blocked, id=6676, stack(0x0000007da4f00000,0x0000007da5000000)]
  0x00000226fee343d0 JavaThread "Cache worker for cache directory md-rule (C:\Users\software_team\.gradle\caches\8.12\md-rule)" [_thread_blocked, id=8832, stack(0x0000007da5000000,0x0000007da5100000)]
  0x00000226fee32060 JavaThread "Cache worker for cache directory md-supplier (C:\Users\software_team\.gradle\caches\8.12\md-supplier)" [_thread_blocked, id=6060, stack(0x0000007da5100000,0x0000007da5200000)]
  0x00000226fee37160 JavaThread "Cache worker for Build Output Cleanup Cache (C:\vipin\xicomproject\node_modules\@react-native\gradle-plugin\.gradle\buildOutputCleanup)" [_thread_blocked, id=11576, stack(0x0000007da5200000,0x0000007da5300000)]
  0x00000226fee37b80 JavaThread "Unconstrained build operations" [_thread_blocked, id=6472, stack(0x0000007da5600000,0x0000007da5700000)]
  0x00000226fee38090 JavaThread "Unconstrained build operations Thread 2" [_thread_blocked, id=2280, stack(0x0000007da5700000,0x0000007da5800000)]
  0x00000226fee36740 JavaThread "Unconstrained build operations Thread 3" [_thread_blocked, id=2156, stack(0x0000007da5800000,0x0000007da5900000)]
  0x00000226fee35300 JavaThread "Unconstrained build operations Thread 4" [_thread_blocked, id=8016, stack(0x0000007da5900000,0x0000007da5a00000)]
  0x00000226fee385a0 JavaThread "Unconstrained build operations Thread 5" [_thread_blocked, id=5560, stack(0x0000007da5a00000,0x0000007da5b00000)]
  0x00000226fee399e0 JavaThread "Unconstrained build operations Thread 6" [_thread_blocked, id=12332, stack(0x0000007da5b00000,0x0000007da5c00000)]
  0x00000226fee32570 JavaThread "Unconstrained build operations Thread 7" [_thread_blocked, id=9480, stack(0x0000007da5c00000,0x0000007da5d00000)]
  0x00000226fee32a80 JavaThread "Unconstrained build operations Thread 8" [_thread_blocked, id=3248, stack(0x0000007da5d00000,0x0000007da5e00000)]
  0x00000226fee35810 JavaThread "Unconstrained build operations Thread 9" [_thread_blocked, id=11444, stack(0x0000007da5e00000,0x0000007da5f00000)]
  0x00000226fee35d20 JavaThread "Unconstrained build operations Thread 10" [_thread_blocked, id=2108, stack(0x0000007da5f00000,0x0000007da6000000)]
  0x00000226fee32f90 JavaThread "Unconstrained build operations Thread 11" [_thread_blocked, id=10936, stack(0x0000007da6000000,0x0000007da6100000)]
  0x00000226fee334a0 JavaThread "Unconstrained build operations Thread 12" [_thread_blocked, id=11440, stack(0x0000007da6100000,0x0000007da6200000)]
  0x00000226fee36230 JavaThread "Unconstrained build operations Thread 13" [_thread_blocked, id=4820, stack(0x0000007da6200000,0x0000007da6300000)]
  0x00000226aa8a0240 JavaThread "Unconstrained build operations Thread 14" [_thread_blocked, id=1812, stack(0x0000007da6300000,0x0000007da6400000)]
  0x00000226aa89b650 JavaThread "Unconstrained build operations Thread 15" [_thread_blocked, id=12900, stack(0x0000007da6400000,0x0000007da6500000)]
  0x00000226aa89bb60 JavaThread "build event listener" [_thread_blocked, id=10168, stack(0x0000007da6500000,0x0000007da6600000)]
  0x00000226aa89fd30 JavaThread "Memory manager" [_thread_blocked, id=8084, stack(0x0000007da2400000,0x0000007da2500000)]
  0x00000226aa89e3e0 JavaThread "Execution worker" [_thread_blocked, id=7820, stack(0x0000007da6c00000,0x0000007da6d00000)]
  0x00000226aa8a20a0 JavaThread "Execution worker Thread 2" [_thread_blocked, id=8884, stack(0x0000007da6d00000,0x0000007da6e00000)]
  0x00000226aa89e8f0 JavaThread "Execution worker Thread 3" [_thread_blocked, id=9884, stack(0x0000007da6e00000,0x0000007da6f00000)]
  0x00000226aa89ee00 JavaThread "Cache worker for execution history cache (C:\vipin\xicomproject\node_modules\@react-native\gradle-plugin\.gradle\8.12\executionHistory)" [_thread_blocked, id=9004, stack(0x0000007da6f00000,0x0000007da7000000)]
  0x00000226aa89f310 JavaThread "Unconstrained build operations Thread 16" [_thread_blocked, id=4000, stack(0x0000007da7000000,0x0000007da7100000)]
  0x00000226aa89cfa0 JavaThread "Unconstrained build operations Thread 17" [_thread_blocked, id=11908, stack(0x0000007da7100000,0x0000007da7200000)]
  0x00000226aa89c580 JavaThread "Unconstrained build operations Thread 18" [_thread_blocked, id=10596, stack(0x0000007da7200000,0x0000007da7300000)]
  0x00000226aa8a1b90 JavaThread "Unconstrained build operations Thread 19" [_thread_blocked, id=9784, stack(0x0000007da7300000,0x0000007da7400000)]
  0x00000226aa8a25b0 JavaThread "Unconstrained build operations Thread 20" [_thread_blocked, id=9196, stack(0x0000007da7400000,0x0000007da7500000)]
  0x00000226aa89ca90 JavaThread "Unconstrained build operations Thread 21" [_thread_blocked, id=7264, stack(0x0000007da7500000,0x0000007da7600000)]
  0x00000226abf1bf70 JavaThread "Unconstrained build operations Thread 22" [_thread_blocked, id=13072, stack(0x0000007da7600000,0x0000007da7700000)]
  0x00000226abf1b040 JavaThread "Unconstrained build operations Thread 23" [_thread_blocked, id=1312, stack(0x0000007da7700000,0x0000007da7800000)]
  0x00000226abf1b550 JavaThread "Unconstrained build operations Thread 24" [_thread_blocked, id=6200, stack(0x0000007da7800000,0x0000007da7900000)]
  0x00000226abf1c480 JavaThread "WorkerExecutor Queue" [_thread_blocked, id=10876, stack(0x0000007da7900000,0x0000007da7a00000)]
  0x00000226abf196f0 JavaThread "RMI Scheduler(0)" daemon [_thread_blocked, id=1292, stack(0x0000007da7a00000,0x0000007da7b00000)]
  0x00000226abf1a110 JavaThread "RMI GC Daemon" daemon [_thread_blocked, id=2628, stack(0x0000007da7c00000,0x0000007da7d00000)]
  0x00000226abed6aa0 JavaThread "RMI TCP Accept-0" daemon [_thread_in_native, id=10080, stack(0x0000007da7d00000,0x0000007da7e00000)]
  0x00000226abed7ee0 JavaThread "RMI Reaper" [_thread_blocked, id=8764, stack(0x0000007da7e00000,0x0000007da7f00000)]
  0x00000226abed5b70 JavaThread "RMI TCP Connection(idle)" daemon [_thread_blocked, id=13056, stack(0x0000007da7f00000,0x0000007da8000000)]
  0x00000226abed5660 JavaThread "Unconstrained build operations Thread 25" [_thread_blocked, id=1372, stack(0x0000007da8000000,0x0000007da8100000)]
  0x00000226abed6080 JavaThread "Unconstrained build operations Thread 26" [_thread_blocked, id=9748, stack(0x0000007da8100000,0x0000007da8200000)]
  0x00000226abed79d0 JavaThread "Unconstrained build operations Thread 27" [_thread_blocked, id=11748, stack(0x0000007da8200000,0x0000007da8300000)]
  0x00000226abed74c0 JavaThread "Unconstrained build operations Thread 28" [_thread_blocked, id=9224, stack(0x0000007da8300000,0x0000007da8400000)]
  0x00000226abed6590 JavaThread "WorkerExecutor Queue Thread 2" [_thread_blocked, id=6464, stack(0x0000007da7b00000,0x0000007da7c00000)]
  0x00000226abed83f0 JavaThread "RMI TCP Connection(idle)" daemon [_thread_blocked, id=4436, stack(0x0000007da8500000,0x0000007da8600000)]
  0x00000226abed5150 JavaThread "Unconstrained build operations Thread 29" [_thread_blocked, id=8376, stack(0x0000007da2600000,0x0000007da2700000)]
  0x00000226aa89d9c0 JavaThread "Unconstrained build operations Thread 30" [_thread_blocked, id=4860, stack(0x0000007da5300000,0x0000007da5400000)]
  0x00000226aa8a1170 JavaThread "Unconstrained build operations Thread 31" [_thread_blocked, id=556, stack(0x0000007da6800000,0x0000007da6900000)]
  0x00000226aa8a1680 JavaThread "Unconstrained build operations Thread 32" [_thread_blocked, id=5720, stack(0x0000007da6900000,0x0000007da6a00000)]
  0x00000226aa8a2fd0 JavaThread "Unconstrained build operations Thread 33" [_thread_blocked, id=8964, stack(0x0000007da6a00000,0x0000007da6b00000)]
  0x00000226abf19c00 JavaThread "Unconstrained build operations Thread 34" [_thread_blocked, id=6504, stack(0x0000007da8600000,0x0000007da8700000)]
  0x00000226ab7e4ae0 JavaThread "Unconstrained build operations Thread 35" [_thread_blocked, id=12920, stack(0x0000007da8700000,0x0000007da8800000)]
  0x00000226ab7ea0f0 JavaThread "Unconstrained build operations Thread 36" [_thread_blocked, id=12676, stack(0x0000007da8800000,0x0000007da8900000)]
  0x00000226ab7e36a0 JavaThread "Unconstrained build operations Thread 37" [_thread_blocked, id=10832, stack(0x0000007da8900000,0x0000007da8a00000)]
  0x00000226ab7e6430 JavaThread "jar transforms Thread 2" [_thread_blocked, id=10612, stack(0x0000007da8a00000,0x0000007da8b00000)]
  0x00000226ab7e7870 JavaThread "jar transforms Thread 3" [_thread_blocked, id=5548, stack(0x0000007da6600000,0x0000007da6700000)]
  0x00000226ab7e7d80 JavaThread "included builds Thread 2" [_thread_blocked, id=11564, stack(0x0000007da5400000,0x0000007da5500000)]
  0x00000226ab7e91c0 JavaThread "Unconstrained build operations Thread 38" [_thread_blocked, id=13224, stack(0x0000007da6b00000,0x0000007da6c00000)]
  0x00000226ab7e6940 JavaThread "Unconstrained build operations Thread 39" [_thread_blocked, id=12120, stack(0x0000007da8b00000,0x0000007da8c00000)]
  0x00000226ab7e8290 JavaThread "Unconstrained build operations Thread 40" [_thread_blocked, id=2524, stack(0x0000007da8c00000,0x0000007da8d00000)]
  0x00000226ab7e5500 JavaThread "WorkerExecutor Queue Thread 3" [_thread_blocked, id=10524, stack(0x0000007da8d00000,0x0000007da8e00000)]
  0x00000226ab7e6e50 JavaThread "RMI TCP Connection(idle)" daemon [_thread_blocked, id=6752, stack(0x0000007da8f00000,0x0000007da9000000)]
  0x00000226ab7e8cb0 JavaThread "jar transforms Thread 4" [_thread_blocked, id=1336, stack(0x0000007da8e00000,0x0000007da8f00000)]
  0x00000226ab7e3190 JavaThread "build event listener" [_thread_blocked, id=6220, stack(0x0000007da8400000,0x0000007da8500000)]
  0x00000226aa89c070 JavaThread "Problems report writer" [_thread_blocked, id=6112, stack(0x0000007da9100000,0x0000007da9200000)]

Other Threads:
  0x00000226f8b1ae80 VMThread "VM Thread" [stack: 0x0000007da2c00000,0x0000007da2d00000] [id=6860]
  0x00000226fd199b70 WatcherThread [stack: 0x0000007da3800000,0x0000007da3900000] [id=8776]
=>0x00000226e80556c0 GCTaskThread "GC Thread#0" [stack: 0x0000007da2700000,0x0000007da2800000] [id=9236]
  0x00000226fd382750 GCTaskThread "GC Thread#1" [stack: 0x0000007da3900000,0x0000007da3a00000] [id=11536]
  0x00000226fd382a10 GCTaskThread "GC Thread#2" [stack: 0x0000007da3a00000,0x0000007da3b00000] [id=9756]
  0x00000226fd15f470 GCTaskThread "GC Thread#3" [stack: 0x0000007da3b00000,0x0000007da3c00000] [id=7240]
  0x00000226e8066520 ConcurrentGCThread "G1 Main Marker" [stack: 0x0000007da2800000,0x0000007da2900000] [id=9348]
  0x00000226e8066e40 ConcurrentGCThread "G1 Conc#0" [stack: 0x0000007da2900000,0x0000007da2a00000] [id=1572]
  0x00000226e80ad800 ConcurrentGCThread "G1 Refine#0" [stack: 0x0000007da2a00000,0x0000007da2b00000] [id=9296]
  0x00000226e80ae140 ConcurrentGCThread "G1 Service" [stack: 0x0000007da2b00000,0x0000007da2c00000] [id=5432]

Threads with active compile tasks:
C2 CompilerThread0   270980 17257       4       sun.nio.ch.Util::offerFirstTemporaryDirectBuffer (53 bytes)

VM state: at safepoint (normal execution)

VM Mutex/Monitor currently owned by a thread:  ([mutex/lock_event])
[0x00000226e7ff5420] Threads_lock - owner thread: 0x00000226f8b1ae80
[0x00000226e7ff6740] Heap_lock - owner thread: 0x00000226fdce4d80

Heap address: 0x0000000080000000, size: 2048 MB, Compressed Oops mode: 32-bit

CDS archive(s) mapped at: [0x000002268f000000-0x000002268fbd0000-0x000002268fbd0000), size 12386304, SharedBaseAddress: 0x000002268f000000, ArchiveRelocationMode: 1.
Compressed class space mapped at: 0x0000022690000000-0x00000226aa000000, reserved size: 436207616
Narrow klass base: 0x000002268f000000, Narrow klass shift: 0, Narrow klass range: 0x100000000

GC Precious Log:
 CPUs: 4 total, 4 available
 Memory: 12079M
 Large Page Support: Disabled
 NUMA Support: Disabled
 Compressed Oops: Enabled (32-bit)
 Heap Region Size: 1M
 Heap Min Capacity: 8M
 Heap Initial Capacity: 190M
 Heap Max Capacity: 2G
 Pre-touch: Disabled
 Parallel Workers: 4
 Concurrent Workers: 1
 Concurrent Refinement Workers: 4
 Periodic GC: Disabled

Heap:
 garbage-first heap   total 250880K, used 211712K [0x0000000080000000, 0x0000000100000000)
  region size 1024K, 50 young (51200K), 3 survivors (3072K)
 Metaspace       used 124583K, committed 125824K, reserved 557056K
  class space    used 16964K, committed 17536K, reserved 425984K

Heap Regions: E=young(eden), S=young(survivor), O=old, HS=humongous(starts), HC=humongous(continues), CS=collection set, F=free, OA=open archive, CA=closed archive, TAMS=top-at-mark-start (previous, next)
|   0|0x0000000080000000, 0x0000000080100000, 0x0000000080100000|100%|HS|  |TAMS 0x0000000080100000, 0x0000000080000000| Complete 
|   1|0x0000000080100000, 0x0000000080200000, 0x0000000080200000|100%|HC|  |TAMS 0x0000000080200000, 0x0000000080100000| Complete 
|   2|0x0000000080200000, 0x0000000080300000, 0x0000000080300000|100%|HC|  |TAMS 0x0000000080300000, 0x0000000080200000| Complete 
|   3|0x0000000080300000, 0x0000000080400000, 0x0000000080400000|100%| O|  |TAMS 0x0000000080400000, 0x0000000080300000| Untracked 
|   4|0x0000000080400000, 0x0000000080500000, 0x0000000080500000|100%| O|  |TAMS 0x0000000080500000, 0x0000000080400000| Untracked 
|   5|0x0000000080500000, 0x0000000080600000, 0x0000000080600000|100%| O|  |TAMS 0x0000000080600000, 0x0000000080500000| Untracked 
|   6|0x0000000080600000, 0x0000000080700000, 0x0000000080700000|100%| O|  |TAMS 0x0000000080700000, 0x0000000080600000| Untracked 
|   7|0x0000000080700000, 0x0000000080800000, 0x0000000080800000|100%|HS|  |TAMS 0x0000000080800000, 0x0000000080700000| Complete 
|   8|0x0000000080800000, 0x0000000080900000, 0x0000000080900000|100%| O|  |TAMS 0x0000000080900000, 0x0000000080800000| Untracked 
|   9|0x0000000080900000, 0x0000000080a00000, 0x0000000080a00000|100%| O|  |TAMS 0x0000000080a00000, 0x0000000080900000| Untracked 
|  10|0x0000000080a00000, 0x0000000080b00000, 0x0000000080b00000|100%| O|  |TAMS 0x0000000080b00000, 0x0000000080a00000| Untracked 
|  11|0x0000000080b00000, 0x0000000080c00000, 0x0000000080c00000|100%| O|  |TAMS 0x0000000080c00000, 0x0000000080b00000| Untracked 
|  12|0x0000000080c00000, 0x0000000080d00000, 0x0000000080d00000|100%| O|  |TAMS 0x0000000080d00000, 0x0000000080c00000| Untracked 
|  13|0x0000000080d00000, 0x0000000080e00000, 0x0000000080e00000|100%| O|  |TAMS 0x0000000080e00000, 0x0000000080d00000| Untracked 
|  14|0x0000000080e00000, 0x0000000080f00000, 0x0000000080f00000|100%| O|  |TAMS 0x0000000080f00000, 0x0000000080e00000| Untracked 
|  15|0x0000000080f00000, 0x0000000080fffff8, 0x0000000081000000| 99%| O|  |TAMS 0x0000000080fffff8, 0x0000000080f00000| Untracked 
|  16|0x0000000081000000, 0x0000000081100000, 0x0000000081100000|100%| O|  |TAMS 0x0000000081100000, 0x0000000081000000| Untracked 
|  17|0x0000000081100000, 0x0000000081200000, 0x0000000081200000|100%| O|  |TAMS 0x0000000081200000, 0x0000000081100000| Untracked 
|  18|0x0000000081200000, 0x0000000081300000, 0x0000000081300000|100%| O|  |TAMS 0x0000000081300000, 0x0000000081200000| Untracked 
|  19|0x0000000081300000, 0x0000000081400000, 0x0000000081400000|100%| O|  |TAMS 0x0000000081400000, 0x0000000081300000| Untracked 
|  20|0x0000000081400000, 0x0000000081500000, 0x0000000081500000|100%| O|  |TAMS 0x0000000081500000, 0x0000000081400000| Untracked 
|  21|0x0000000081500000, 0x0000000081600000, 0x0000000081600000|100%| O|  |TAMS 0x0000000081600000, 0x0000000081500000| Untracked 
|  22|0x0000000081600000, 0x0000000081700000, 0x0000000081700000|100%| O|  |TAMS 0x0000000081700000, 0x0000000081600000| Untracked 
|  23|0x0000000081700000, 0x0000000081800000, 0x0000000081800000|100%| O|  |TAMS 0x0000000081800000, 0x0000000081700000| Untracked 
|  24|0x0000000081800000, 0x0000000081900000, 0x0000000081900000|100%| O|  |TAMS 0x0000000081900000, 0x0000000081800000| Untracked 
|  25|0x0000000081900000, 0x0000000081a00000, 0x0000000081a00000|100%| O|  |TAMS 0x0000000081a00000, 0x0000000081900000| Untracked 
|  26|0x0000000081a00000, 0x0000000081b00000, 0x0000000081b00000|100%| O|  |TAMS 0x0000000081b00000, 0x0000000081a00000| Untracked 
|  27|0x0000000081b00000, 0x0000000081c00000, 0x0000000081c00000|100%| O|  |TAMS 0x0000000081c00000, 0x0000000081b00000| Untracked 
|  28|0x0000000081c00000, 0x0000000081d00000, 0x0000000081d00000|100%| O|  |TAMS 0x0000000081d00000, 0x0000000081c00000| Untracked 
|  29|0x0000000081d00000, 0x0000000081e00000, 0x0000000081e00000|100%| O|  |TAMS 0x0000000081e00000, 0x0000000081d00000| Untracked 
|  30|0x0000000081e00000, 0x0000000081f00000, 0x0000000081f00000|100%| O|  |TAMS 0x0000000081f00000, 0x0000000081e00000| Untracked 
|  31|0x0000000081f00000, 0x0000000082000000, 0x0000000082000000|100%| O|  |TAMS 0x0000000082000000, 0x0000000081f00000| Untracked 
|  32|0x0000000082000000, 0x0000000082100000, 0x0000000082100000|100%| O|  |TAMS 0x0000000082100000, 0x0000000082000000| Untracked 
|  33|0x0000000082100000, 0x0000000082200000, 0x0000000082200000|100%| O|  |TAMS 0x0000000082200000, 0x0000000082100000| Untracked 
|  34|0x0000000082200000, 0x0000000082300000, 0x0000000082300000|100%| O|  |TAMS 0x0000000082300000, 0x0000000082200000| Untracked 
|  35|0x0000000082300000, 0x0000000082400000, 0x0000000082400000|100%| O|  |TAMS 0x0000000082400000, 0x0000000082300000| Untracked 
|  36|0x0000000082400000, 0x0000000082500000, 0x0000000082500000|100%| O|  |TAMS 0x0000000082500000, 0x0000000082400000| Untracked 
|  37|0x0000000082500000, 0x0000000082600000, 0x0000000082600000|100%| O|  |TAMS 0x0000000082600000, 0x0000000082500000| Untracked 
|  38|0x0000000082600000, 0x0000000082700000, 0x0000000082700000|100%| O|  |TAMS 0x0000000082700000, 0x0000000082600000| Untracked 
|  39|0x0000000082700000, 0x0000000082800000, 0x0000000082800000|100%| O|  |TAMS 0x0000000082800000, 0x0000000082700000| Untracked 
|  40|0x0000000082800000, 0x0000000082900000, 0x0000000082900000|100%| O|  |TAMS 0x0000000082900000, 0x0000000082800000| Untracked 
|  41|0x0000000082900000, 0x0000000082a00000, 0x0000000082a00000|100%| O|  |TAMS 0x0000000082a00000, 0x0000000082900000| Untracked 
|  42|0x0000000082a00000, 0x0000000082b00000, 0x0000000082b00000|100%| O|  |TAMS 0x0000000082b00000, 0x0000000082a00000| Untracked 
|  43|0x0000000082b00000, 0x0000000082c00000, 0x0000000082c00000|100%| O|  |TAMS 0x0000000082c00000, 0x0000000082b00000| Untracked 
|  44|0x0000000082c00000, 0x0000000082d00000, 0x0000000082d00000|100%|HS|  |TAMS 0x0000000082d00000, 0x0000000082c00000| Complete 
|  45|0x0000000082d00000, 0x0000000082e00000, 0x0000000082e00000|100%|HC|  |TAMS 0x0000000082e00000, 0x0000000082d00000| Complete 
|  46|0x0000000082e00000, 0x0000000082f00000, 0x0000000082f00000|100%| O|  |TAMS 0x0000000082f00000, 0x0000000082e00000| Untracked 
|  47|0x0000000082f00000, 0x0000000083000000, 0x0000000083000000|100%| O|  |TAMS 0x0000000083000000, 0x0000000082f00000| Untracked 
|  48|0x0000000083000000, 0x0000000083100000, 0x0000000083100000|100%| O|  |TAMS 0x0000000083100000, 0x0000000083000000| Untracked 
|  49|0x0000000083100000, 0x0000000083200000, 0x0000000083200000|100%| O|  |TAMS 0x0000000083200000, 0x0000000083100000| Untracked 
|  50|0x0000000083200000, 0x0000000083300000, 0x0000000083300000|100%|HS|  |TAMS 0x0000000083300000, 0x0000000083200000| Complete 
|  51|0x0000000083300000, 0x0000000083400000, 0x0000000083400000|100%|HC|  |TAMS 0x0000000083400000, 0x0000000083300000| Complete 
|  52|0x0000000083400000, 0x0000000083500000, 0x0000000083500000|100%|HS|  |TAMS 0x0000000083500000, 0x0000000083400000| Complete 
|  53|0x0000000083500000, 0x0000000083600000, 0x0000000083600000|100%|HC|  |TAMS 0x0000000083600000, 0x0000000083500000| Complete 
|  54|0x0000000083600000, 0x0000000083700000, 0x0000000083700000|100%|HC|  |TAMS 0x0000000083700000, 0x0000000083600000| Complete 
|  55|0x0000000083700000, 0x0000000083800000, 0x0000000083800000|100%| O|  |TAMS 0x0000000083800000, 0x0000000083700000| Untracked 
|  56|0x0000000083800000, 0x0000000083900000, 0x0000000083900000|100%|HS|  |TAMS 0x0000000083900000, 0x0000000083800000| Complete 
|  57|0x0000000083900000, 0x0000000083a00000, 0x0000000083a00000|100%|HC|  |TAMS 0x0000000083a00000, 0x0000000083900000| Complete 
|  58|0x0000000083a00000, 0x0000000083b00000, 0x0000000083b00000|100%| O|  |TAMS 0x0000000083b00000, 0x0000000083a00000| Untracked 
|  59|0x0000000083b00000, 0x0000000083c00000, 0x0000000083c00000|100%| O|  |TAMS 0x0000000083c00000, 0x0000000083b00000| Untracked 
|  60|0x0000000083c00000, 0x0000000083d00000, 0x0000000083d00000|100%| O|  |TAMS 0x0000000083d00000, 0x0000000083c00000| Untracked 
|  61|0x0000000083d00000, 0x0000000083e00000, 0x0000000083e00000|100%|HS|  |TAMS 0x0000000083e00000, 0x0000000083d00000| Complete 
|  62|0x0000000083e00000, 0x0000000083f00000, 0x0000000083f00000|100%|HC|  |TAMS 0x0000000083f00000, 0x0000000083e00000| Complete 
|  63|0x0000000083f00000, 0x0000000084000000, 0x0000000084000000|100%|HC|  |TAMS 0x0000000084000000, 0x0000000083f00000| Complete 
|  64|0x0000000084000000, 0x0000000084100000, 0x0000000084100000|100%| O|  |TAMS 0x0000000084100000, 0x0000000084000000| Untracked 
|  65|0x0000000084100000, 0x0000000084200000, 0x0000000084200000|100%| O|  |TAMS 0x0000000084200000, 0x0000000084100000| Untracked 
|  66|0x0000000084200000, 0x0000000084300000, 0x0000000084300000|100%| O|  |TAMS 0x0000000084200000, 0x0000000084200000| Untracked 
|  67|0x0000000084300000, 0x0000000084400000, 0x0000000084400000|100%| O|  |TAMS 0x0000000084400000, 0x0000000084300000| Untracked 
|  68|0x0000000084400000, 0x0000000084500000, 0x0000000084500000|100%| O|  |TAMS 0x0000000084500000, 0x0000000084400000| Untracked 
|  69|0x0000000084500000, 0x0000000084600000, 0x0000000084600000|100%| O|  |TAMS 0x0000000084600000, 0x0000000084500000| Untracked 
|  70|0x0000000084600000, 0x0000000084700000, 0x0000000084700000|100%|HS|  |TAMS 0x0000000084700000, 0x0000000084600000| Complete 
|  71|0x0000000084700000, 0x0000000084800000, 0x0000000084800000|100%| O|  |TAMS 0x0000000084800000, 0x0000000084700000| Untracked 
|  72|0x0000000084800000, 0x0000000084900000, 0x0000000084900000|100%|HS|  |TAMS 0x0000000084900000, 0x0000000084800000| Complete 
|  73|0x0000000084900000, 0x0000000084a00000, 0x0000000084a00000|100%| O|  |TAMS 0x0000000084a00000, 0x0000000084900000| Untracked 
|  74|0x0000000084a00000, 0x0000000084b00000, 0x0000000084b00000|100%| O|  |TAMS 0x0000000084b00000, 0x0000000084a00000| Untracked 
|  75|0x0000000084b00000, 0x0000000084c00000, 0x0000000084c00000|100%| O|  |TAMS 0x0000000084c00000, 0x0000000084b00000| Untracked 
|  76|0x0000000084c00000, 0x0000000084d00000, 0x0000000084d00000|100%| O|  |TAMS 0x0000000084d00000, 0x0000000084c00000| Untracked 
|  77|0x0000000084d00000, 0x0000000084e00000, 0x0000000084e00000|100%| O|  |TAMS 0x0000000084e00000, 0x0000000084d00000| Untracked 
|  78|0x0000000084e00000, 0x0000000084f00000, 0x0000000084f00000|100%| O|  |TAMS 0x0000000084f00000, 0x0000000084e00000| Untracked 
|  79|0x0000000084f00000, 0x0000000085000000, 0x0000000085000000|100%| O|  |TAMS 0x0000000085000000, 0x0000000084f00000| Untracked 
|  80|0x0000000085000000, 0x0000000085100000, 0x0000000085100000|100%| O|  |TAMS 0x0000000085100000, 0x0000000085000000| Untracked 
|  81|0x0000000085100000, 0x0000000085200000, 0x0000000085200000|100%| O|  |TAMS 0x0000000085200000, 0x0000000085100000| Untracked 
|  82|0x0000000085200000, 0x0000000085300000, 0x0000000085300000|100%| O|  |TAMS 0x0000000085300000, 0x0000000085200000| Untracked 
|  83|0x0000000085300000, 0x0000000085400000, 0x0000000085400000|100%| O|  |TAMS 0x0000000085400000, 0x0000000085300000| Untracked 
|  84|0x0000000085400000, 0x0000000085500000, 0x0000000085500000|100%| O|  |TAMS 0x0000000085500000, 0x0000000085400000| Untracked 
|  85|0x0000000085500000, 0x0000000085600000, 0x0000000085600000|100%| O|  |TAMS 0x0000000085600000, 0x0000000085500000| Untracked 
|  86|0x0000000085600000, 0x0000000085700000, 0x0000000085700000|100%| O|  |TAMS 0x0000000085700000, 0x0000000085600000| Untracked 
|  87|0x0000000085700000, 0x0000000085800000, 0x0000000085800000|100%| O|  |TAMS 0x0000000085800000, 0x0000000085700000| Untracked 
|  88|0x0000000085800000, 0x0000000085900000, 0x0000000085900000|100%| O|  |TAMS 0x0000000085900000, 0x0000000085800000| Untracked 
|  89|0x0000000085900000, 0x0000000085a00000, 0x0000000085a00000|100%|HS|  |TAMS 0x0000000085900000, 0x0000000085900000| Complete 
|  90|0x0000000085a00000, 0x0000000085b00000, 0x0000000085b00000|100%| O|  |TAMS 0x0000000085a00000, 0x0000000085a00000| Untracked 
|  91|0x0000000085b00000, 0x0000000085c00000, 0x0000000085c00000|100%| O|  |TAMS 0x0000000085c00000, 0x0000000085b00000| Untracked 
|  92|0x0000000085c00000, 0x0000000085d00000, 0x0000000085d00000|100%| O|  |TAMS 0x0000000085c00000, 0x0000000085c00000| Untracked 
|  93|0x0000000085d00000, 0x0000000085e00000, 0x0000000085e00000|100%| O|  |TAMS 0x0000000085e00000, 0x0000000085d00000| Untracked 
|  94|0x0000000085e00000, 0x0000000085f00000, 0x0000000085f00000|100%| O|  |TAMS 0x0000000085e00000, 0x0000000085e00000| Untracked 
|  95|0x0000000085f00000, 0x0000000086000000, 0x0000000086000000|100%|HS|  |TAMS 0x0000000086000000, 0x0000000085f00000| Complete 
|  96|0x0000000086000000, 0x0000000086100000, 0x0000000086100000|100%|HS|  |TAMS 0x0000000086100000, 0x0000000086000000| Complete 
|  97|0x0000000086100000, 0x0000000086200000, 0x0000000086200000|100%|HS|  |TAMS 0x0000000086200000, 0x0000000086100000| Complete 
|  98|0x0000000086200000, 0x0000000086300000, 0x0000000086300000|100%|HS|  |TAMS 0x0000000086300000, 0x0000000086200000| Complete 
|  99|0x0000000086300000, 0x0000000086400000, 0x0000000086400000|100%| O|  |TAMS 0x0000000086400000, 0x0000000086300000| Untracked 
| 100|0x0000000086400000, 0x0000000086500000, 0x0000000086500000|100%| O|  |TAMS 0x0000000086500000, 0x0000000086400000| Untracked 
| 101|0x0000000086500000, 0x0000000086600000, 0x0000000086600000|100%| O|  |TAMS 0x0000000086600000, 0x0000000086500000| Untracked 
| 102|0x0000000086600000, 0x0000000086700000, 0x0000000086700000|100%| O|  |TAMS 0x0000000086700000, 0x0000000086600000| Untracked 
| 103|0x0000000086700000, 0x0000000086800000, 0x0000000086800000|100%| O|  |TAMS 0x0000000086800000, 0x0000000086700000| Untracked 
| 104|0x0000000086800000, 0x0000000086900000, 0x0000000086900000|100%| O|  |TAMS 0x0000000086900000, 0x0000000086800000| Untracked 
| 105|0x0000000086900000, 0x0000000086a00000, 0x0000000086a00000|100%| O|  |TAMS 0x0000000086a00000, 0x0000000086900000| Untracked 
| 106|0x0000000086a00000, 0x0000000086b00000, 0x0000000086b00000|100%| O|  |TAMS 0x0000000086b00000, 0x0000000086a00000| Untracked 
| 107|0x0000000086b00000, 0x0000000086c00000, 0x0000000086c00000|100%| O|  |TAMS 0x0000000086c00000, 0x0000000086b00000| Untracked 
| 108|0x0000000086c00000, 0x0000000086d00000, 0x0000000086d00000|100%| O|  |TAMS 0x0000000086c00000, 0x0000000086c00000| Untracked 
| 109|0x0000000086d00000, 0x0000000086e00000, 0x0000000086e00000|100%| O|  |TAMS 0x0000000086e00000, 0x0000000086d00000| Untracked 
| 110|0x0000000086e00000, 0x0000000086f00000, 0x0000000086f00000|100%|HS|  |TAMS 0x0000000086f00000, 0x0000000086e00000| Complete 
| 111|0x0000000086f00000, 0x0000000087000000, 0x0000000087000000|100%| O|  |TAMS 0x0000000087000000, 0x0000000086f00000| Untracked 
| 112|0x0000000087000000, 0x0000000087100000, 0x0000000087100000|100%| O|  |TAMS 0x0000000087100000, 0x0000000087000000| Untracked 
| 113|0x0000000087100000, 0x0000000087200000, 0x0000000087200000|100%| O|  |TAMS 0x0000000087200000, 0x0000000087100000| Untracked 
| 114|0x0000000087200000, 0x0000000087300000, 0x0000000087300000|100%| O|  |TAMS 0x0000000087300000, 0x0000000087200000| Untracked 
| 115|0x0000000087300000, 0x0000000087400000, 0x0000000087400000|100%| O|  |TAMS 0x0000000087400000, 0x0000000087300000| Untracked 
| 116|0x0000000087400000, 0x0000000087500000, 0x0000000087500000|100%| O|  |TAMS 0x0000000087500000, 0x0000000087400000| Untracked 
| 117|0x0000000087500000, 0x0000000087600000, 0x0000000087600000|100%| O|  |TAMS 0x0000000087600000, 0x0000000087500000| Untracked 
| 118|0x0000000087600000, 0x0000000087700000, 0x0000000087700000|100%| O|  |TAMS 0x0000000087700000, 0x0000000087600000| Untracked 
| 119|0x0000000087700000, 0x0000000087800000, 0x0000000087800000|100%| O|  |TAMS 0x0000000087800000, 0x0000000087700000| Untracked 
| 120|0x0000000087800000, 0x0000000087900000, 0x0000000087900000|100%| O|  |TAMS 0x0000000087900000, 0x0000000087800000| Untracked 
| 121|0x0000000087900000, 0x0000000087a00000, 0x0000000087a00000|100%| O|  |TAMS 0x0000000087a00000, 0x0000000087900000| Untracked 
| 122|0x0000000087a00000, 0x0000000087b00000, 0x0000000087b00000|100%| O|  |TAMS 0x0000000087b00000, 0x0000000087a00000| Untracked 
| 123|0x0000000087b00000, 0x0000000087c00000, 0x0000000087c00000|100%| O|  |TAMS 0x0000000087c00000, 0x0000000087b00000| Untracked 
| 124|0x0000000087c00000, 0x0000000087d00000, 0x0000000087d00000|100%| O|  |TAMS 0x0000000087d00000, 0x0000000087c00000| Untracked 
| 125|0x0000000087d00000, 0x0000000087e00000, 0x0000000087e00000|100%| O|  |TAMS 0x0000000087e00000, 0x0000000087d00000| Untracked 
| 126|0x0000000087e00000, 0x0000000087f00000, 0x0000000087f00000|100%| O|  |TAMS 0x0000000087f00000, 0x0000000087e00000| Untracked 
| 127|0x0000000087f00000, 0x0000000088000000, 0x0000000088000000|100%| O|  |TAMS 0x0000000088000000, 0x0000000087f00000| Untracked 
| 128|0x0000000088000000, 0x0000000088100000, 0x0000000088100000|100%| O|  |TAMS 0x0000000088100000, 0x0000000088000000| Untracked 
| 129|0x0000000088100000, 0x0000000088200000, 0x0000000088200000|100%| O|  |TAMS 0x0000000088200000, 0x0000000088100000| Untracked 
| 130|0x0000000088200000, 0x0000000088300000, 0x0000000088300000|100%| O|  |TAMS 0x0000000088300000, 0x0000000088200000| Untracked 
| 131|0x0000000088300000, 0x0000000088400000, 0x0000000088400000|100%| O|  |TAMS 0x0000000088400000, 0x0000000088300000| Untracked 
| 132|0x0000000088400000, 0x0000000088500000, 0x0000000088500000|100%| O|  |TAMS 0x00000000884d9400, 0x0000000088400000| Untracked 
| 133|0x0000000088500000, 0x0000000088600000, 0x0000000088600000|100%| O|  |TAMS 0x0000000088500000, 0x0000000088500000| Untracked 
| 134|0x0000000088600000, 0x0000000088700000, 0x0000000088700000|100%| O|  |TAMS 0x0000000088600000, 0x0000000088600000| Untracked 
| 135|0x0000000088700000, 0x0000000088800000, 0x0000000088800000|100%| O|  |TAMS 0x0000000088700000, 0x0000000088700000| Untracked 
| 136|0x0000000088800000, 0x0000000088900000, 0x0000000088900000|100%| O|  |TAMS 0x0000000088800000, 0x0000000088800000| Untracked 
| 137|0x0000000088900000, 0x0000000088a00000, 0x0000000088a00000|100%| O|  |TAMS 0x0000000088900000, 0x0000000088900000| Untracked 
| 138|0x0000000088a00000, 0x0000000088b00000, 0x0000000088b00000|100%| O|  |TAMS 0x0000000088a00000, 0x0000000088a00000| Untracked 
| 139|0x0000000088b00000, 0x0000000088c00000, 0x0000000088c00000|100%| O|  |TAMS 0x0000000088b00000, 0x0000000088b00000| Untracked 
| 140|0x0000000088c00000, 0x0000000088d00000, 0x0000000088d00000|100%|HS|  |TAMS 0x0000000088c00000, 0x0000000088c00000| Complete 
| 141|0x0000000088d00000, 0x0000000088e00000, 0x0000000088e00000|100%| O|  |TAMS 0x0000000088d00000, 0x0000000088d00000| Untracked 
| 142|0x0000000088e00000, 0x0000000088f00000, 0x0000000088f00000|100%| O|  |TAMS 0x0000000088e00000, 0x0000000088e00000| Untracked 
| 143|0x0000000088f00000, 0x0000000089000000, 0x0000000089000000|100%| O|  |TAMS 0x0000000088f00000, 0x0000000088f00000| Untracked 
| 144|0x0000000089000000, 0x0000000089100000, 0x0000000089100000|100%| O|  |TAMS 0x0000000089000000, 0x0000000089000000| Untracked 
| 145|0x0000000089100000, 0x0000000089200000, 0x0000000089200000|100%| O|  |TAMS 0x0000000089100000, 0x0000000089100000| Untracked 
| 146|0x0000000089200000, 0x0000000089300000, 0x0000000089300000|100%|HS|  |TAMS 0x0000000089200000, 0x0000000089200000| Complete 
| 147|0x0000000089300000, 0x0000000089400000, 0x0000000089400000|100%|HC|  |TAMS 0x0000000089300000, 0x0000000089300000| Complete 
| 148|0x0000000089400000, 0x0000000089500000, 0x0000000089500000|100%| O|  |TAMS 0x0000000089400000, 0x0000000089400000| Untracked 
| 149|0x0000000089500000, 0x0000000089600000, 0x0000000089600000|100%| O|  |TAMS 0x0000000089500000, 0x0000000089500000| Untracked 
| 150|0x0000000089600000, 0x0000000089700000, 0x0000000089700000|100%| O|  |TAMS 0x0000000089600000, 0x0000000089600000| Untracked 
| 151|0x0000000089700000, 0x0000000089800000, 0x0000000089800000|100%| O|  |TAMS 0x0000000089700000, 0x0000000089700000| Untracked 
| 152|0x0000000089800000, 0x0000000089900000, 0x0000000089900000|100%| O|  |TAMS 0x0000000089800000, 0x0000000089800000| Untracked 
| 153|0x0000000089900000, 0x0000000089a00000, 0x0000000089a00000|100%| O|  |TAMS 0x0000000089900000, 0x0000000089900000| Untracked 
| 154|0x0000000089a00000, 0x0000000089b00000, 0x0000000089b00000|100%| O|  |TAMS 0x0000000089a00000, 0x0000000089a00000| Untracked 
| 155|0x0000000089b00000, 0x0000000089c00000, 0x0000000089c00000|100%| O|  |TAMS 0x0000000089b00000, 0x0000000089b00000| Untracked 
| 156|0x0000000089c00000, 0x0000000089d00000, 0x0000000089d00000|100%| O|  |TAMS 0x0000000089c00000, 0x0000000089c00000| Untracked 
| 157|0x0000000089d00000, 0x0000000089e00000, 0x0000000089e00000|100%| O|  |TAMS 0x0000000089d00000, 0x0000000089d00000| Untracked 
| 158|0x0000000089e00000, 0x0000000089f00000, 0x0000000089f00000|100%| O|  |TAMS 0x0000000089e00000, 0x0000000089e00000| Untracked 
| 159|0x0000000089f00000, 0x000000008a000000, 0x000000008a000000|100%| O|  |TAMS 0x0000000089f00000, 0x0000000089f00000| Untracked 
| 160|0x000000008a000000, 0x000000008a03fcb0, 0x000000008a100000| 24%| O|  |TAMS 0x000000008a000000, 0x000000008a000000| Untracked 
| 161|0x000000008a100000, 0x000000008a100000, 0x000000008a200000|  0%| F|  |TAMS 0x000000008a100000, 0x000000008a100000| Untracked 
| 162|0x000000008a200000, 0x000000008a200000, 0x000000008a300000|  0%| F|  |TAMS 0x000000008a200000, 0x000000008a200000| Untracked 
| 163|0x000000008a300000, 0x000000008a300000, 0x000000008a400000|  0%| F|  |TAMS 0x000000008a300000, 0x000000008a300000| Untracked 
| 164|0x000000008a400000, 0x000000008a400000, 0x000000008a500000|  0%| F|  |TAMS 0x000000008a400000, 0x000000008a400000| Untracked 
| 165|0x000000008a500000, 0x000000008a500000, 0x000000008a600000|  0%| F|  |TAMS 0x000000008a500000, 0x000000008a500000| Untracked 
| 166|0x000000008a600000, 0x000000008a600000, 0x000000008a700000|  0%| F|  |TAMS 0x000000008a600000, 0x000000008a600000| Untracked 
| 167|0x000000008a700000, 0x000000008a700000, 0x000000008a800000|  0%| F|  |TAMS 0x000000008a700000, 0x000000008a700000| Untracked 
| 168|0x000000008a800000, 0x000000008a800000, 0x000000008a900000|  0%| F|  |TAMS 0x000000008a800000, 0x000000008a800000| Untracked 
| 169|0x000000008a900000, 0x000000008a900000, 0x000000008aa00000|  0%| F|  |TAMS 0x000000008a900000, 0x000000008a900000| Untracked 
| 170|0x000000008aa00000, 0x000000008aa00000, 0x000000008ab00000|  0%| F|  |TAMS 0x000000008aa00000, 0x000000008aa00000| Untracked 
| 171|0x000000008ab00000, 0x000000008ab00000, 0x000000008ac00000|  0%| F|  |TAMS 0x000000008ab00000, 0x000000008ab00000| Untracked 
| 172|0x000000008ac00000, 0x000000008ac00000, 0x000000008ad00000|  0%| F|  |TAMS 0x000000008ac00000, 0x000000008ac00000| Untracked 
| 173|0x000000008ad00000, 0x000000008ae00000, 0x000000008ae00000|100%| E|CS|TAMS 0x000000008ad00000, 0x000000008ad00000| Complete 
| 174|0x000000008ae00000, 0x000000008af00000, 0x000000008af00000|100%| E|CS|TAMS 0x000000008ae00000, 0x000000008ae00000| Complete 
| 175|0x000000008af00000, 0x000000008b000000, 0x000000008b000000|100%| E|CS|TAMS 0x000000008af00000, 0x000000008af00000| Complete 
| 176|0x000000008b000000, 0x000000008b100000, 0x000000008b100000|100%| E|CS|TAMS 0x000000008b000000, 0x000000008b000000| Complete 
| 177|0x000000008b100000, 0x000000008b200000, 0x000000008b200000|100%| E|CS|TAMS 0x000000008b100000, 0x000000008b100000| Complete 
| 178|0x000000008b200000, 0x000000008b300000, 0x000000008b300000|100%| E|CS|TAMS 0x000000008b200000, 0x000000008b200000| Complete 
| 179|0x000000008b300000, 0x000000008b400000, 0x000000008b400000|100%| E|CS|TAMS 0x000000008b300000, 0x000000008b300000| Complete 
| 180|0x000000008b400000, 0x000000008b500000, 0x000000008b500000|100%| E|CS|TAMS 0x000000008b400000, 0x000000008b400000| Complete 
| 181|0x000000008b500000, 0x000000008b500000, 0x000000008b600000|  0%| F|  |TAMS 0x000000008b500000, 0x000000008b500000| Untracked 
| 182|0x000000008b600000, 0x000000008b600000, 0x000000008b700000|  0%| F|  |TAMS 0x000000008b600000, 0x000000008b600000| Untracked 
| 183|0x000000008b700000, 0x000000008b700000, 0x000000008b800000|  0%| F|  |TAMS 0x000000008b700000, 0x000000008b700000| Untracked 
| 184|0x000000008b800000, 0x000000008b800000, 0x000000008b900000|  0%| F|  |TAMS 0x000000008b800000, 0x000000008b800000| Untracked 
| 185|0x000000008b900000, 0x000000008b900000, 0x000000008ba00000|  0%| F|  |TAMS 0x000000008b900000, 0x000000008b900000| Untracked 
| 186|0x000000008ba00000, 0x000000008ba00000, 0x000000008bb00000|  0%| F|  |TAMS 0x000000008ba00000, 0x000000008ba00000| Untracked 
| 187|0x000000008bb00000, 0x000000008bb00000, 0x000000008bc00000|  0%| F|  |TAMS 0x000000008bb00000, 0x000000008bb00000| Untracked 
| 188|0x000000008bc00000, 0x000000008bc00000, 0x000000008bd00000|  0%| F|  |TAMS 0x000000008bc00000, 0x000000008bc00000| Untracked 
| 189|0x000000008bd00000, 0x000000008bd00000, 0x000000008be00000|  0%| F|  |TAMS 0x000000008bd00000, 0x000000008bd00000| Untracked 
| 190|0x000000008be00000, 0x000000008be00000, 0x000000008bf00000|  0%| F|  |TAMS 0x000000008be00000, 0x000000008be00000| Untracked 
| 191|0x000000008bf00000, 0x000000008bf00000, 0x000000008c000000|  0%| F|  |TAMS 0x000000008bf00000, 0x000000008bf00000| Untracked 
| 192|0x000000008c000000, 0x000000008c000000, 0x000000008c100000|  0%| F|  |TAMS 0x000000008c000000, 0x000000008c000000| Untracked 
| 193|0x000000008c100000, 0x000000008c100000, 0x000000008c200000|  0%| F|  |TAMS 0x000000008c100000, 0x000000008c100000| Untracked 
| 194|0x000000008c200000, 0x000000008c200000, 0x000000008c300000|  0%| F|  |TAMS 0x000000008c200000, 0x000000008c200000| Untracked 
| 195|0x000000008c300000, 0x000000008c400000, 0x000000008c400000|100%| S|  |TAMS 0x000000008c300000, 0x000000008c300000| Complete 
| 196|0x000000008c400000, 0x000000008c500000, 0x000000008c500000|100%| S|  |TAMS 0x000000008c400000, 0x000000008c400000| Complete 
| 197|0x000000008c500000, 0x000000008c600000, 0x000000008c600000|100%| S|  |TAMS 0x000000008c500000, 0x000000008c500000| Complete 
| 198|0x000000008c600000, 0x000000008c700000, 0x000000008c700000|100%| E|CS|TAMS 0x000000008c600000, 0x000000008c600000| Complete 
| 199|0x000000008c700000, 0x000000008c800000, 0x000000008c800000|100%| E|CS|TAMS 0x000000008c700000, 0x000000008c700000| Complete 
| 200|0x000000008c800000, 0x000000008c900000, 0x000000008c900000|100%| E|CS|TAMS 0x000000008c800000, 0x000000008c800000| Complete 
| 201|0x000000008c900000, 0x000000008ca00000, 0x000000008ca00000|100%| E|CS|TAMS 0x000000008c900000, 0x000000008c900000| Complete 
| 202|0x000000008ca00000, 0x000000008cb00000, 0x000000008cb00000|100%| E|CS|TAMS 0x000000008ca00000, 0x000000008ca00000| Complete 
| 203|0x000000008cb00000, 0x000000008cc00000, 0x000000008cc00000|100%| E|CS|TAMS 0x000000008cb00000, 0x000000008cb00000| Complete 
| 204|0x000000008cc00000, 0x000000008cd00000, 0x000000008cd00000|100%| E|CS|TAMS 0x000000008cc00000, 0x000000008cc00000| Complete 
| 205|0x000000008cd00000, 0x000000008ce00000, 0x000000008ce00000|100%| E|CS|TAMS 0x000000008cd00000, 0x000000008cd00000| Complete 
| 206|0x000000008ce00000, 0x000000008cf00000, 0x000000008cf00000|100%| E|CS|TAMS 0x000000008ce00000, 0x000000008ce00000| Complete 
| 207|0x000000008cf00000, 0x000000008d000000, 0x000000008d000000|100%| E|CS|TAMS 0x000000008cf00000, 0x000000008cf00000| Complete 
| 208|0x000000008d000000, 0x000000008d100000, 0x000000008d100000|100%| E|CS|TAMS 0x000000008d000000, 0x000000008d000000| Complete 
| 209|0x000000008d100000, 0x000000008d200000, 0x000000008d200000|100%| E|CS|TAMS 0x000000008d100000, 0x000000008d100000| Complete 
| 210|0x000000008d200000, 0x000000008d300000, 0x000000008d300000|100%| E|CS|TAMS 0x000000008d200000, 0x000000008d200000| Complete 
| 211|0x000000008d300000, 0x000000008d400000, 0x000000008d400000|100%| E|CS|TAMS 0x000000008d300000, 0x000000008d300000| Complete 
| 212|0x000000008d400000, 0x000000008d500000, 0x000000008d500000|100%| E|CS|TAMS 0x000000008d400000, 0x000000008d400000| Complete 
| 213|0x000000008d500000, 0x000000008d600000, 0x000000008d600000|100%| E|CS|TAMS 0x000000008d500000, 0x000000008d500000| Complete 
| 214|0x000000008d600000, 0x000000008d700000, 0x000000008d700000|100%| E|CS|TAMS 0x000000008d600000, 0x000000008d600000| Complete 
| 215|0x000000008d700000, 0x000000008d800000, 0x000000008d800000|100%| E|CS|TAMS 0x000000008d700000, 0x000000008d700000| Complete 
| 216|0x000000008d800000, 0x000000008d900000, 0x000000008d900000|100%| E|CS|TAMS 0x000000008d800000, 0x000000008d800000| Complete 
| 217|0x000000008d900000, 0x000000008da00000, 0x000000008da00000|100%| E|CS|TAMS 0x000000008d900000, 0x000000008d900000| Complete 
| 218|0x000000008da00000, 0x000000008db00000, 0x000000008db00000|100%| E|CS|TAMS 0x000000008da00000, 0x000000008da00000| Complete 
| 219|0x000000008db00000, 0x000000008dc00000, 0x000000008dc00000|100%| E|CS|TAMS 0x000000008db00000, 0x000000008db00000| Complete 
| 220|0x000000008dc00000, 0x000000008dd00000, 0x000000008dd00000|100%| E|CS|TAMS 0x000000008dc00000, 0x000000008dc00000| Complete 
| 221|0x000000008dd00000, 0x000000008de00000, 0x000000008de00000|100%| E|CS|TAMS 0x000000008dd00000, 0x000000008dd00000| Complete 
| 222|0x000000008de00000, 0x000000008df00000, 0x000000008df00000|100%| E|CS|TAMS 0x000000008de00000, 0x000000008de00000| Complete 
| 223|0x000000008df00000, 0x000000008e000000, 0x000000008e000000|100%| E|CS|TAMS 0x000000008df00000, 0x000000008df00000| Complete 
| 224|0x000000008e000000, 0x000000008e100000, 0x000000008e100000|100%| E|CS|TAMS 0x000000008e000000, 0x000000008e000000| Complete 
| 225|0x000000008e100000, 0x000000008e200000, 0x000000008e200000|100%| E|CS|TAMS 0x000000008e100000, 0x000000008e100000| Complete 
| 226|0x000000008e200000, 0x000000008e300000, 0x000000008e300000|100%| E|CS|TAMS 0x000000008e200000, 0x000000008e200000| Complete 
| 227|0x000000008e300000, 0x000000008e400000, 0x000000008e400000|100%| E|CS|TAMS 0x000000008e300000, 0x000000008e300000| Complete 
| 228|0x000000008e400000, 0x000000008e500000, 0x000000008e500000|100%| E|CS|TAMS 0x000000008e400000, 0x000000008e400000| Complete 
| 229|0x000000008e500000, 0x000000008e600000, 0x000000008e600000|100%| E|CS|TAMS 0x000000008e500000, 0x000000008e500000| Complete 
| 230|0x000000008e600000, 0x000000008e700000, 0x000000008e700000|100%| E|CS|TAMS 0x000000008e600000, 0x000000008e600000| Complete 
| 231|0x000000008e700000, 0x000000008e800000, 0x000000008e800000|100%| E|CS|TAMS 0x000000008e700000, 0x000000008e700000| Complete 
| 232|0x000000008e800000, 0x000000008e900000, 0x000000008e900000|100%| E|CS|TAMS 0x000000008e800000, 0x000000008e800000| Complete 
| 233|0x000000008e900000, 0x000000008ea00000, 0x000000008ea00000|100%| E|CS|TAMS 0x000000008e900000, 0x000000008e900000| Complete 
| 234|0x000000008ea00000, 0x000000008eb00000, 0x000000008eb00000|100%| E|CS|TAMS 0x000000008ea00000, 0x000000008ea00000| Complete 
| 235|0x000000008eb00000, 0x000000008ec00000, 0x000000008ec00000|100%| E|CS|TAMS 0x000000008eb00000, 0x000000008eb00000| Complete 
| 236|0x000000008ec00000, 0x000000008ed00000, 0x000000008ed00000|100%| E|CS|TAMS 0x000000008ec00000, 0x000000008ec00000| Complete 
| 237|0x000000008ed00000, 0x000000008ee00000, 0x000000008ee00000|100%| E|CS|TAMS 0x000000008ed00000, 0x000000008ed00000| Complete 
| 238|0x000000008ee00000, 0x000000008ef00000, 0x000000008ef00000|100%| E|CS|TAMS 0x000000008ee00000, 0x000000008ee00000| Complete 
| 239|0x000000008ef00000, 0x000000008f000000, 0x000000008f000000|100%| E|CS|TAMS 0x000000008ef00000, 0x000000008ef00000| Complete 
| 240|0x000000008f000000, 0x000000008f100000, 0x000000008f100000|100%| E|CS|TAMS 0x000000008f000000, 0x000000008f000000| Complete 
| 241|0x000000008f100000, 0x000000008f200000, 0x000000008f200000|100%| E|CS|TAMS 0x000000008f100000, 0x000000008f100000| Complete 
| 242|0x000000008f200000, 0x000000008f300000, 0x000000008f300000|100%| E|CS|TAMS 0x000000008f200000, 0x000000008f200000| Complete 
| 243|0x000000008f300000, 0x000000008f400000, 0x000000008f400000|100%| E|CS|TAMS 0x000000008f300000, 0x000000008f300000| Complete 
| 244|0x000000008f400000, 0x000000008f500000, 0x000000008f500000|100%| E|CS|TAMS 0x000000008f400000, 0x000000008f400000| Complete 

Card table byte_map: [0x00000226f1cf0000,0x00000226f20f0000] _byte_map_base: 0x00000226f18f0000

Marking Bits (Prev, Next): (CMBitMap*) 0x00000226e8055c30, (CMBitMap*) 0x00000226e8055bf0
 Prev Bits: [0x00000226f44f0000, 0x00000226f64f0000)
 Next Bits: [0x00000226f24f0000, 0x00000226f44f0000)

Polling page: 0x00000226e7ea0000

Metaspace:

Usage:
  Non-class:    105.10 MB used.
      Class:     16.57 MB used.
       Both:    121.66 MB used.

Virtual space:
  Non-class space:      128.00 MB reserved,     105.75 MB ( 83%) committed,  2 nodes.
      Class space:      416.00 MB reserved,      17.12 MB (  4%) committed,  1 nodes.
             Both:      544.00 MB reserved,     122.88 MB ( 23%) committed. 

Chunk freelists:
   Non-Class:  5.59 MB
       Class:  14.89 MB
        Both:  20.49 MB

MaxMetaspaceSize: 512.00 MB
CompressedClassSpaceSize: 416.00 MB
Initial GC threshold: 21.00 MB
Current GC threshold: 203.69 MB
CDS: on
MetaspaceReclaimPolicy: balanced
 - commit_granule_bytes: 65536.
 - commit_granule_words: 8192.
 - virtual_space_node_default_size: 8388608.
 - enlarge_chunks_in_place: 1.
 - new_chunks_are_fully_committed: 0.
 - uncommit_free_chunks: 1.
 - use_allocation_guard: 0.
 - handle_deallocations: 1.


Internal statistics:

num_allocs_failed_limit: 6.
num_arena_births: 1606.
num_arena_deaths: 6.
num_vsnodes_births: 3.
num_vsnodes_deaths: 0.
num_space_committed: 1966.
num_space_uncommitted: 0.
num_chunks_returned_to_freelist: 21.
num_chunks_taken_from_freelist: 6924.
num_chunk_merges: 8.
num_chunk_splits: 4554.
num_chunks_enlarged: 3014.
num_inconsistent_stats: 0.

CodeHeap 'non-profiled nmethods': size=120000Kb used=10012Kb max_used=10505Kb free=109987Kb
 bounds [0x0000022687ad0000, 0x0000022688520000, 0x000002268f000000]
CodeHeap 'profiled nmethods': size=120000Kb used=28827Kb max_used=30007Kb free=91172Kb
 bounds [0x0000022680000000, 0x0000022681d50000, 0x0000022687530000]
CodeHeap 'non-nmethods': size=5760Kb used=2514Kb max_used=2563Kb free=3245Kb
 bounds [0x0000022687530000, 0x00000226877c0000, 0x0000022687ad0000]
 total_blobs=15384 nmethods=14323 adapters=971
 compilation: enabled
              stopped_count=0, restarted_count=0
 full_count=0

Compilation events (20 events):
Event: 270.303 Thread 0x00000226f8b41150 nmethod 17248 0x0000022688193c10 code [0x0000022688193dc0, 0x0000022688194088]
Event: 270.330 Thread 0x00000226f8b41150 17250       4       java.util.ArrayDeque::getLast (33 bytes)
Event: 270.331 Thread 0x00000226f8b41150 nmethod 17250 0x00000226880dbe10 code [0x00000226880dbf80, 0x00000226880dc058]
Event: 270.372 Thread 0x00000226f8b41150 17251       4       org.gradle.internal.snapshot.impl.DirectorySnapshotterStatistics$CollectingFileVisitor::preVisitDirectory (10 bytes)
Event: 270.427 Thread 0x00000226f8b41150 nmethod 17251 0x00000226880cc210 code [0x00000226880cc540, 0x00000226880ce110]
Event: 270.427 Thread 0x00000226f8b41150 17253   !   4       java.nio.file.Files::walkFileTree (297 bytes)
Event: 270.734 Thread 0x00000226f8b41150 nmethod 17253 0x0000022687e4bd10 code [0x0000022687e4c400, 0x0000022687e52550]
Event: 270.734 Thread 0x00000226f8b41150 17252       4       org.gradle.internal.snapshot.impl.DirectorySnapshotter$PathVisitor::doPreVisitDirectory (182 bytes)
Event: 270.782 Thread 0x00000226f8b41150 nmethod 17252 0x0000022687d7ff10 code [0x0000022687d80240, 0x0000022687d81d50]
Event: 270.782 Thread 0x00000226f8b41150 17254       4       java.nio.HeapCharBuffer::<init> (23 bytes)
Event: 270.786 Thread 0x00000226f8b41150 nmethod 17254 0x00000226880cba10 code [0x00000226880cbba0, 0x00000226880cbf38]
Event: 270.826 Thread 0x00000226f8b41150 17255       4       org.gradle.internal.watch.registry.impl.HierarchicalFileWatcherUpdater$$Lambda$481/0x0000022690439668::test (16 bytes)
Event: 270.837 Thread 0x00000226f8b41150 nmethod 17255 0x0000022688192610 code [0x0000022688192840, 0x00000226881930f0]
Event: 270.841 Thread 0x00000226f8b41150 17256       4       sun.nio.ch.Util::getTemporaryDirectBuffer (55 bytes)
Event: 270.866 Thread 0x00000226f8b442c0 17259       3       java.nio.file.FileTreeWalker::close (30 bytes)
Event: 270.866 Thread 0x00000226f8b442c0 nmethod 17259 0x00000226802c7290 code [0x00000226802c74a0, 0x00000226802c7cc8]
Event: 270.870 Thread 0x00000226f8b41150 nmethod 17256 0x0000022688274e90 code [0x00000226882750e0, 0x0000022688275f30]
Event: 270.870 Thread 0x00000226f8b41150 17258       4       com.google.common.collect.ImmutableSortedMap::fromEntries (353 bytes)
Event: 270.901 Thread 0x00000226f8b41150 nmethod 17258 0x0000022687b22890 code [0x0000022687b22ac0, 0x0000022687b240a0]
Event: 270.901 Thread 0x00000226f8b41150 17257       4       sun.nio.ch.Util::offerFirstTemporaryDirectBuffer (53 bytes)

GC Heap History (20 events):
Event: 256.410 GC heap after
{Heap after GC invocations=82 (full 0):
 garbage-first heap   total 206848K, used 134216K [0x0000000080000000, 0x0000000100000000)
  region size 1024K, 4 young (4096K), 4 survivors (4096K)
 Metaspace       used 121583K, committed 122688K, reserved 557056K
  class space    used 16517K, committed 17088K, reserved 425984K
}
Event: 256.567 GC heap before
{Heap before GC invocations=82 (full 0):
 garbage-first heap   total 206848K, used 179272K [0x0000000080000000, 0x0000000100000000)
  region size 1024K, 48 young (49152K), 4 survivors (4096K)
 Metaspace       used 121587K, committed 122688K, reserved 557056K
  class space    used 16517K, committed 17088K, reserved 425984K
}
Event: 256.572 GC heap after
{Heap after GC invocations=83 (full 0):
 garbage-first heap   total 206848K, used 134664K [0x0000000080000000, 0x0000000100000000)
  region size 1024K, 4 young (4096K), 4 survivors (4096K)
 Metaspace       used 121587K, committed 122688K, reserved 557056K
  class space    used 16517K, committed 17088K, reserved 425984K
}
Event: 257.349 GC heap before
{Heap before GC invocations=84 (full 0):
 garbage-first heap   total 242688K, used 177672K [0x0000000080000000, 0x0000000100000000)
  region size 1024K, 46 young (47104K), 4 survivors (4096K)
 Metaspace       used 121739K, committed 122880K, reserved 557056K
  class space    used 16522K, committed 17088K, reserved 425984K
}
Event: 257.355 GC heap after
{Heap after GC invocations=85 (full 0):
 garbage-first heap   total 242688K, used 135297K [0x0000000080000000, 0x0000000100000000)
  region size 1024K, 4 young (4096K), 4 survivors (4096K)
 Metaspace       used 121739K, committed 122880K, reserved 557056K
  class space    used 16522K, committed 17088K, reserved 425984K
}
Event: 257.368 GC heap before
{Heap before GC invocations=85 (full 0):
 garbage-first heap   total 242688K, used 142465K [0x0000000080000000, 0x0000000100000000)
  region size 1024K, 11 young (11264K), 4 survivors (4096K)
 Metaspace       used 121740K, committed 122880K, reserved 557056K
  class space    used 16522K, committed 17088K, reserved 425984K
}
Event: 257.375 GC heap after
{Heap after GC invocations=86 (full 0):
 garbage-first heap   total 242688K, used 133979K [0x0000000080000000, 0x0000000100000000)
  region size 1024K, 1 young (1024K), 1 survivors (1024K)
 Metaspace       used 121740K, committed 122880K, reserved 557056K
  class space    used 16522K, committed 17088K, reserved 425984K
}
Event: 257.712 GC heap before
{Heap before GC invocations=86 (full 0):
 garbage-first heap   total 242688K, used 211803K [0x0000000080000000, 0x0000000100000000)
  region size 1024K, 77 young (78848K), 1 survivors (1024K)
 Metaspace       used 121778K, committed 122880K, reserved 557056K
  class space    used 16522K, committed 17088K, reserved 425984K
}
Event: 257.714 GC heap after
{Heap after GC invocations=87 (full 0):
 garbage-first heap   total 242688K, used 134113K [0x0000000080000000, 0x0000000100000000)
  region size 1024K, 2 young (2048K), 2 survivors (2048K)
 Metaspace       used 121778K, committed 122880K, reserved 557056K
  class space    used 16522K, committed 17088K, reserved 425984K
}
Event: 260.298 GC heap before
{Heap before GC invocations=87 (full 0):
 garbage-first heap   total 242688K, used 211937K [0x0000000080000000, 0x0000000100000000)
  region size 1024K, 78 young (79872K), 2 survivors (2048K)
 Metaspace       used 123694K, committed 124928K, reserved 557056K
  class space    used 16872K, committed 17472K, reserved 425984K
}
Event: 260.305 GC heap after
{Heap after GC invocations=88 (full 0):
 garbage-first heap   total 242688K, used 139328K [0x0000000080000000, 0x0000000100000000)
  region size 1024K, 7 young (7168K), 7 survivors (7168K)
 Metaspace       used 123694K, committed 124928K, reserved 557056K
  class space    used 16872K, committed 17472K, reserved 425984K
}
Event: 263.071 GC heap before
{Heap before GC invocations=88 (full 0):
 garbage-first heap   total 242688K, used 206912K [0x0000000080000000, 0x0000000100000000)
  region size 1024K, 74 young (75776K), 7 survivors (7168K)
 Metaspace       used 123923K, committed 125120K, reserved 557056K
  class space    used 16884K, committed 17472K, reserved 425984K
}
Event: 263.084 GC heap after
{Heap after GC invocations=89 (full 0):
 garbage-first heap   total 242688K, used 144931K [0x0000000080000000, 0x0000000100000000)
  region size 1024K, 6 young (6144K), 6 survivors (6144K)
 Metaspace       used 123923K, committed 125120K, reserved 557056K
  class space    used 16884K, committed 17472K, reserved 425984K
}
Event: 265.603 GC heap before
{Heap before GC invocations=90 (full 0):
 garbage-first heap   total 250880K, used 204323K [0x0000000080000000, 0x0000000100000000)
  region size 1024K, 65 young (66560K), 6 survivors (6144K)
 Metaspace       used 123934K, committed 125120K, reserved 557056K
  class space    used 16884K, committed 17472K, reserved 425984K
}
Event: 265.610 GC heap after
{Heap after GC invocations=91 (full 0):
 garbage-first heap   total 250880K, used 146947K [0x0000000080000000, 0x0000000100000000)
  region size 1024K, 5 young (5120K), 5 survivors (5120K)
 Metaspace       used 123934K, committed 125120K, reserved 557056K
  class space    used 16884K, committed 17472K, reserved 425984K
}
Event: 266.351 GC heap before
{Heap before GC invocations=91 (full 0):
 garbage-first heap   total 250880K, used 155139K [0x0000000080000000, 0x0000000100000000)
  region size 1024K, 12 young (12288K), 5 survivors (5120K)
 Metaspace       used 124052K, committed 125248K, reserved 557056K
  class space    used 16891K, committed 17472K, reserved 425984K
}
Event: 266.358 GC heap after
{Heap after GC invocations=92 (full 0):
 garbage-first heap   total 250880K, used 148479K [0x0000000080000000, 0x0000000100000000)
  region size 1024K, 2 young (2048K), 2 survivors (2048K)
 Metaspace       used 124052K, committed 125248K, reserved 557056K
  class space    used 16891K, committed 17472K, reserved 425984K
}
Event: 270.060 GC heap before
{Heap before GC invocations=92 (full 0):
 garbage-first heap   total 250880K, used 215039K [0x0000000080000000, 0x0000000100000000)
  region size 1024K, 64 young (65536K), 2 survivors (2048K)
 Metaspace       used 124583K, committed 125824K, reserved 557056K
  class space    used 16964K, committed 17536K, reserved 425984K
}
Event: 270.070 GC heap after
{Heap after GC invocations=93 (full 0):
 garbage-first heap   total 250880K, used 163584K [0x0000000080000000, 0x0000000100000000)
  region size 1024K, 8 young (8192K), 8 survivors (8192K)
 Metaspace       used 124583K, committed 125824K, reserved 557056K
  class space    used 16964K, committed 17536K, reserved 425984K
}
Event: 270.918 GC heap before
{Heap before GC invocations=93 (full 0):
 garbage-first heap   total 250880K, used 210688K [0x0000000080000000, 0x0000000100000000)
  region size 1024K, 55 young (56320K), 8 survivors (8192K)
 Metaspace       used 124583K, committed 125824K, reserved 557056K
  class space    used 16964K, committed 17536K, reserved 425984K
}

Dll operation events (16 events):
Event: 0.176 Loaded shared library C:\Program Files\Microsoft\jdk-17.0.8.7-hotspot\bin\java.dll
Event: 0.219 Loaded shared library C:\Program Files\Microsoft\jdk-17.0.8.7-hotspot\bin\jsvml.dll
Event: 0.461 Loaded shared library C:\Program Files\Microsoft\jdk-17.0.8.7-hotspot\bin\zip.dll
Event: 0.465 Loaded shared library C:\Program Files\Microsoft\jdk-17.0.8.7-hotspot\bin\instrument.dll
Event: 0.470 Loaded shared library C:\Program Files\Microsoft\jdk-17.0.8.7-hotspot\bin\net.dll
Event: 0.472 Loaded shared library C:\Program Files\Microsoft\jdk-17.0.8.7-hotspot\bin\nio.dll
Event: 0.475 Loaded shared library C:\Program Files\Microsoft\jdk-17.0.8.7-hotspot\bin\zip.dll
Event: 2.119 Loaded shared library C:\Program Files\Microsoft\jdk-17.0.8.7-hotspot\bin\jimage.dll
Event: 3.299 Loaded shared library C:\Program Files\Microsoft\jdk-17.0.8.7-hotspot\bin\verify.dll
Event: 3.915 Loaded shared library C:\Users\software_team\.gradle\native\1def1411415f61bf3af743bc5b6707747c0891f09f0c88961ee8f79bc544acac\windows-amd64\native-platform.dll
Event: 3.986 Loaded shared library C:\Users\software_team\.gradle\native\0.2.5\x86_64-windows-gnu\gradle-fileevents.dll
Event: 11.041 Loaded shared library C:\Program Files\Microsoft\jdk-17.0.8.7-hotspot\bin\management.dll
Event: 11.045 Loaded shared library C:\Program Files\Microsoft\jdk-17.0.8.7-hotspot\bin\management_ext.dll
Event: 13.882 Loaded shared library C:\Program Files\Microsoft\jdk-17.0.8.7-hotspot\bin\sunmscapi.dll
Event: 17.332 Loaded shared library C:\Users\software_team\AppData\Local\Temp\native-platform8278800377644234248dir\gradle-fileevents.dll
Event: 83.496 Loaded shared library C:\Program Files\Microsoft\jdk-17.0.8.7-hotspot\bin\rmi.dll

Deoptimization events (20 events):
Event: 269.003 Thread 0x00000226fdce5cb0 Uncommon trap: trap_request=0xffffff45 fr.pc=0x0000022688195130 relative=0x0000000000000110
Event: 269.003 Thread 0x00000226fdce5cb0 Uncommon trap: reason=unstable_if action=reinterpret pc=0x0000022688195130 method=com.esotericsoftware.kryo.io.Input.readBytes([BII)V @ 61 c2
Event: 269.003 Thread 0x00000226fdce5cb0 DEOPT PACKING pc=0x0000022688195130 sp=0x0000007da42f7cd0
Event: 269.003 Thread 0x00000226fdce5cb0 DEOPT UNPACKING pc=0x00000226875869a3 sp=0x0000007da42f7c08 mode 2
Event: 269.958 Thread 0x00000226fdce5cb0 Uncommon trap: trap_request=0xffffffd6 fr.pc=0x00000226884ccd1c relative=0x000000000000075c
Event: 269.958 Thread 0x00000226fdce5cb0 Uncommon trap: reason=array_check action=maybe_recompile pc=0x00000226884ccd1c method=java.util.ComparableTimSort.binarySort([Ljava/lang/Object;III)V @ 215 c2
Event: 269.958 Thread 0x00000226fdce5cb0 DEOPT PACKING pc=0x00000226884ccd1c sp=0x0000007da42f8030
Event: 269.958 Thread 0x00000226fdce5cb0 DEOPT UNPACKING pc=0x00000226875869a3 sp=0x0000007da42f7fd0 mode 2
Event: 269.958 Thread 0x00000226fdce5cb0 Uncommon trap: trap_request=0xffffffd6 fr.pc=0x00000226884ccf04 relative=0x0000000000000944
Event: 269.958 Thread 0x00000226fdce5cb0 Uncommon trap: reason=array_check action=maybe_recompile pc=0x00000226884ccf04 method=java.util.ComparableTimSort.binarySort([Ljava/lang/Object;III)V @ 183 c2
Event: 269.958 Thread 0x00000226fdce5cb0 DEOPT PACKING pc=0x00000226884ccf04 sp=0x0000007da42f8030
Event: 269.958 Thread 0x00000226fdce5cb0 DEOPT UNPACKING pc=0x00000226875869a3 sp=0x0000007da42f7fd0 mode 2
Event: 269.958 Thread 0x00000226fdce5cb0 Uncommon trap: trap_request=0xffffffd6 fr.pc=0x00000226884ccd1c relative=0x000000000000075c
Event: 269.958 Thread 0x00000226fdce5cb0 Uncommon trap: reason=array_check action=maybe_recompile pc=0x00000226884ccd1c method=java.util.ComparableTimSort.binarySort([Ljava/lang/Object;III)V @ 215 c2
Event: 269.958 Thread 0x00000226fdce5cb0 DEOPT PACKING pc=0x00000226884ccd1c sp=0x0000007da42f8030
Event: 269.958 Thread 0x00000226fdce5cb0 DEOPT UNPACKING pc=0x00000226875869a3 sp=0x0000007da42f7fd0 mode 2
Event: 269.958 Thread 0x00000226fdce5cb0 Uncommon trap: trap_request=0xffffffd6 fr.pc=0x00000226884ccf04 relative=0x0000000000000944
Event: 269.958 Thread 0x00000226fdce5cb0 Uncommon trap: reason=array_check action=maybe_recompile pc=0x00000226884ccf04 method=java.util.ComparableTimSort.binarySort([Ljava/lang/Object;III)V @ 183 c2
Event: 269.958 Thread 0x00000226fdce5cb0 DEOPT PACKING pc=0x00000226884ccf04 sp=0x0000007da42f8030
Event: 269.958 Thread 0x00000226fdce5cb0 DEOPT UNPACKING pc=0x00000226875869a3 sp=0x0000007da42f7fd0 mode 2

Classes unloaded (15 events):
Event: 46.518 Thread 0x00000226f8b1ae80 Unloading class 0x0000022690541000 '_BuildScript_$_run_closure2'
Event: 46.518 Thread 0x00000226f8b1ae80 Unloading class 0x0000022690540c00 '_BuildScript_$_run_closure1'
Event: 46.518 Thread 0x00000226f8b1ae80 Unloading class 0x0000022690540000 '_BuildScript_'
Event: 230.837 Thread 0x00000226f8b1ae80 Unloading class 0x0000022690ce2530 '_BuildScript_$_run_closure1'
Event: 230.837 Thread 0x00000226f8b1ae80 Unloading class 0x0000022690ce2000 '_BuildScript_'
Event: 256.775 Thread 0x00000226f8b1ae80 Unloading class 0x0000022690d167d0 '_BuildScript_$_run_closure3'
Event: 256.775 Thread 0x00000226f8b1ae80 Unloading class 0x0000022690d163e8 '_BuildScript_$_run_closure2$_closure6$_closure9'
Event: 256.775 Thread 0x00000226f8b1ae80 Unloading class 0x0000022690d16000 '_BuildScript_$_run_closure2$_closure6$_closure8'
Event: 256.775 Thread 0x00000226f8b1ae80 Unloading class 0x0000022690d15bb8 '_BuildScript_$_run_closure2$_closure6'
Event: 256.775 Thread 0x00000226f8b1ae80 Unloading class 0x0000022690d157d0 '_BuildScript_$_run_closure2$_closure5$_closure7'
Event: 256.775 Thread 0x00000226f8b1ae80 Unloading class 0x0000022690d153e8 '_BuildScript_$_run_closure2$_closure5'
Event: 256.775 Thread 0x00000226f8b1ae80 Unloading class 0x0000022690d15000 '_BuildScript_$_run_closure2$_closure4'
Event: 256.775 Thread 0x00000226f8b1ae80 Unloading class 0x0000022690d14920 '_BuildScript_$_run_closure2'
Event: 256.775 Thread 0x00000226f8b1ae80 Unloading class 0x0000022690d14538 '_BuildScript_$_run_closure1'
Event: 256.775 Thread 0x00000226f8b1ae80 Unloading class 0x0000022690d14000 '_BuildScript_'

Classes redefined (0 events):
No events

Internal exceptions (20 events):
Event: 267.688 Thread 0x00000226fdce5cb0 Exception <a 'java/lang/ClassNotFoundException'{0x000000008e950920}: java/util/HashMapCustomizer> (0x000000008e950920) 
thrown [s\src\hotspot\share\classfile\systemDictionary.cpp, line 256]
Event: 267.734 Thread 0x00000226fdce5cb0 Exception <a 'java/lang/ClassNotFoundException'{0x000000008e867f00}: com/android/build/gradle/internal/dsl/PackagingOptions$AgpDecorated_DecoratedBeanInfo> (0x000000008e867f00) 
thrown [s\src\hotspot\share\classfile\systemDictionary.cpp, line 256]
Event: 267.734 Thread 0x00000226fdce5cb0 Exception <a 'java/lang/ClassNotFoundException'{0x000000008e87a240}: com/android/build/gradle/internal/dsl/PackagingOptions$AgpDecoratedBeanInfo> (0x000000008e87a240) 
thrown [s\src\hotspot\share\classfile\systemDictionary.cpp, line 256]
Event: 267.753 Thread 0x00000226fdce5cb0 Exception <a 'java/lang/ClassNotFoundException'{0x000000008e88c270}: com/android/build/gradle/internal/dsl/PackagingOptionsBeanInfo> (0x000000008e88c270) 
thrown [s\src\hotspot\share\classfile\systemDictionary.cpp, line 256]
Event: 267.753 Thread 0x00000226fdce5cb0 Exception <a 'java/lang/ClassNotFoundException'{0x000000008e89e5e8}: com/android/build/gradle/internal/dsl/PackagingOptionsCustomizer> (0x000000008e89e5e8) 
thrown [s\src\hotspot\share\classfile\systemDictionary.cpp, line 256]
Event: 267.754 Thread 0x00000226fdce5cb0 Exception <a 'java/lang/ClassNotFoundException'{0x000000008e8b9ea8}: com/android/build/gradle/internal/dsl/PackagingOptions$AgpDecoratedCustomizer> (0x000000008e8b9ea8) 
thrown [s\src\hotspot\share\classfile\systemDictionary.cpp, line 256]
Event: 267.755 Thread 0x00000226fdce5cb0 Exception <a 'java/lang/ClassNotFoundException'{0x000000008e8e2880}: com/android/build/gradle/internal/dsl/PackagingOptions$AgpDecorated_DecoratedCustomizer> (0x000000008e8e2880) 
thrown [s\src\hotspot\share\classfile\systemDictionary.cpp, line 256]
Event: 268.100 Thread 0x00000226ab7e7870 Exception <a 'sun/nio/fs/WindowsException'{0x000000008dd836e0}> (0x000000008dd836e0) 
thrown [s\src\hotspot\share\prims\jni.cpp, line 516]
Event: 268.100 Thread 0x00000226ab7e7870 Exception <a 'sun/nio/fs/WindowsException'{0x000000008dd83d70}> (0x000000008dd83d70) 
thrown [s\src\hotspot\share\prims\jni.cpp, line 516]
Event: 268.102 Thread 0x00000226ab7e7870 Exception <a 'sun/nio/fs/WindowsException'{0x000000008dd95300}> (0x000000008dd95300) 
thrown [s\src\hotspot\share\prims\jni.cpp, line 516]
Event: 268.104 Thread 0x00000226ab7e7870 Exception <a 'sun/nio/fs/WindowsException'{0x000000008dda48e0}> (0x000000008dda48e0) 
thrown [s\src\hotspot\share\prims\jni.cpp, line 516]
Event: 268.108 Thread 0x00000226ab7e7870 Exception <a 'sun/nio/fs/WindowsException'{0x000000008ddb65b8}> (0x000000008ddb65b8) 
thrown [s\src\hotspot\share\prims\jni.cpp, line 516]
Event: 268.111 Thread 0x00000226ab7e7870 Exception <a 'sun/nio/fs/WindowsException'{0x000000008ddc62a0}> (0x000000008ddc62a0) 
thrown [s\src\hotspot\share\prims\jni.cpp, line 516]
Event: 268.134 Thread 0x00000226ab7e7870 Exception <a 'sun/nio/fs/WindowsException'{0x000000008ddd79e0}> (0x000000008ddd79e0) 
thrown [s\src\hotspot\share\prims\jni.cpp, line 516]
Event: 268.137 Thread 0x00000226ab7e7870 Exception <a 'sun/nio/fs/WindowsException'{0x000000008dde8880}> (0x000000008dde8880) 
thrown [s\src\hotspot\share\prims\jni.cpp, line 516]
Event: 268.158 Thread 0x00000226ab7e7870 Exception <a 'sun/nio/fs/WindowsException'{0x000000008ddf80a8}> (0x000000008ddf80a8) 
thrown [s\src\hotspot\share\prims\jni.cpp, line 516]
Event: 268.177 Thread 0x00000226fdce5cb0 Exception <a 'java/lang/ClassNotFoundException'{0x000000008ddfc5e8}: build_4hgo9fcpa7i18wuleloz2e53tBeanInfo> (0x000000008ddfc5e8) 
thrown [s\src\hotspot\share\classfile\systemDictionary.cpp, line 256]
Event: 268.178 Thread 0x00000226fdce5cb0 Exception <a 'java/lang/ClassNotFoundException'{0x000000008dc03f80}: build_4hgo9fcpa7i18wuleloz2e53tCustomizer> (0x000000008dc03f80) 
thrown [s\src\hotspot\share\classfile\systemDictionary.cpp, line 256]
Event: 268.202 Thread 0x00000226fdce5cb0 Exception <a 'java/lang/ClassNotFoundException'{0x000000008dc7ea60}: build_4hgo9fcpa7i18wuleloz2e53t$_run_closure1BeanInfo> (0x000000008dc7ea60) 
thrown [s\src\hotspot\share\classfile\systemDictionary.cpp, line 256]
Event: 268.203 Thread 0x00000226fdce5cb0 Exception <a 'java/lang/ClassNotFoundException'{0x000000008dc878e8}: build_4hgo9fcpa7i18wuleloz2e53t$_run_closure1Customizer> (0x000000008dc878e8) 
thrown [s\src\hotspot\share\classfile\systemDictionary.cpp, line 256]

VM Operations (20 events):
Event: 263.406 Executing VM operation: G1PauseCleanup done
Event: 265.406 Executing VM operation: Cleanup
Event: 265.406 Executing VM operation: Cleanup done
Event: 265.602 Executing VM operation: G1CollectForAllocation
Event: 265.610 Executing VM operation: G1CollectForAllocation done
Event: 265.759 Executing VM operation: HandshakeAllThreads
Event: 265.760 Executing VM operation: HandshakeAllThreads done
Event: 266.156 Executing VM operation: HandshakeAllThreads
Event: 266.156 Executing VM operation: HandshakeAllThreads done
Event: 266.198 Executing VM operation: HandshakeAllThreads
Event: 266.198 Executing VM operation: HandshakeAllThreads done
Event: 266.351 Executing VM operation: G1CollectForAllocation
Event: 266.358 Executing VM operation: G1CollectForAllocation done
Event: 268.358 Executing VM operation: Cleanup
Event: 268.358 Executing VM operation: Cleanup done
Event: 269.359 Executing VM operation: Cleanup
Event: 269.359 Executing VM operation: Cleanup done
Event: 270.060 Executing VM operation: G1CollectForAllocation
Event: 270.071 Executing VM operation: G1CollectForAllocation done
Event: 270.918 Executing VM operation: G1CollectForAllocation

Events (20 events):
Event: 266.216 Thread 0x00000226fd03ec00 flushing nmethod 0x0000022681a1b110
Event: 266.216 Thread 0x00000226fd03ec00 flushing nmethod 0x0000022681b84c10
Event: 266.216 Thread 0x00000226fd03ec00 flushing nmethod 0x0000022681b86510
Event: 266.217 Thread 0x00000226fd03ec00 flushing nmethod 0x0000022681bec310
Event: 267.686 loading class java/util/HashMapBeanInfo
Event: 267.686 loading class java/util/HashMapBeanInfo done
Event: 267.686 loading class java/util/HashMapBeanInfo
Event: 267.686 loading class java/util/HashMapBeanInfo done
Event: 267.687 loading class java/util/AbstractMapBeanInfo
Event: 267.687 loading class java/util/AbstractMapBeanInfo done
Event: 267.687 loading class java/util/AbstractMapBeanInfo
Event: 267.687 loading class java/util/AbstractMapBeanInfo done
Event: 267.687 loading class java/util/AbstractMapCustomizer
Event: 267.687 loading class java/util/AbstractMapCustomizer done
Event: 267.687 loading class java/util/AbstractMapCustomizer
Event: 267.687 loading class java/util/AbstractMapCustomizer done
Event: 267.688 loading class java/util/HashMapCustomizer
Event: 267.688 loading class java/util/HashMapCustomizer done
Event: 267.688 loading class java/util/HashMapCustomizer
Event: 267.688 loading class java/util/HashMapCustomizer done


Dynamic libraries:
0x00007ff64daa0000 - 0x00007ff64daae000 	C:\Program Files\Microsoft\jdk-17.0.8.7-hotspot\bin\java.exe
0x00007ffed39d0000 - 0x00007ffed3bc8000 	C:\WINDOWS\SYSTEM32\ntdll.dll
0x00007ffed3170000 - 0x00007ffed3232000 	C:\WINDOWS\System32\KERNEL32.DLL
0x00007ffed1430000 - 0x00007ffed172f000 	C:\WINDOWS\System32\KERNELBASE.dll
0x00007ffed1330000 - 0x00007ffed1430000 	C:\WINDOWS\System32\ucrtbase.dll
0x00007ffecb2d0000 - 0x00007ffecb2e7000 	C:\Program Files\Microsoft\jdk-17.0.8.7-hotspot\bin\jli.dll
0x00007ffed33e0000 - 0x00007ffed357d000 	C:\WINDOWS\System32\USER32.dll
0x00007ffed17c0000 - 0x00007ffed17e2000 	C:\WINDOWS\System32\win32u.dll
0x00007ffed3390000 - 0x00007ffed33bb000 	C:\WINDOWS\System32\GDI32.dll
0x00007ffed1120000 - 0x00007ffed123a000 	C:\WINDOWS\System32\gdi32full.dll
0x00007ffed17f0000 - 0x00007ffed188d000 	C:\WINDOWS\System32\msvcp_win.dll
0x00007ffecb1e0000 - 0x00007ffecb1fb000 	C:\Program Files\Microsoft\jdk-17.0.8.7-hotspot\bin\VCRUNTIME140.dll
0x00007ffec1cc0000 - 0x00007ffec1f5a000 	C:\WINDOWS\WinSxS\amd64_microsoft.windows.common-controls_6595b64144ccf1df_6.0.19041.4355_none_60b8b9eb71f62e16\COMCTL32.dll
0x00007ffed1a60000 - 0x00007ffed1afe000 	C:\WINDOWS\System32\msvcrt.dll
0x00007ffed30e0000 - 0x00007ffed310f000 	C:\WINDOWS\System32\IMM32.DLL
0x00007ffeca650000 - 0x00007ffeca65c000 	C:\Program Files\Microsoft\jdk-17.0.8.7-hotspot\bin\vcruntime140_1.dll
0x00007ffea7e10000 - 0x00007ffea7e9d000 	C:\Program Files\Microsoft\jdk-17.0.8.7-hotspot\bin\msvcp140.dll
0x00007ffe874f0000 - 0x00007ffe88155000 	C:\Program Files\Microsoft\jdk-17.0.8.7-hotspot\bin\server\jvm.dll
0x00007ffed37f0000 - 0x00007ffed389f000 	C:\WINDOWS\System32\ADVAPI32.dll
0x00007ffed20b0000 - 0x00007ffed214f000 	C:\WINDOWS\System32\sechost.dll
0x00007ffed3660000 - 0x00007ffed3783000 	C:\WINDOWS\System32\RPCRT4.dll
0x00007ffed1240000 - 0x00007ffed1267000 	C:\WINDOWS\System32\bcrypt.dll
0x00007ffed0ed0000 - 0x00007ffed0f1b000 	C:\WINDOWS\SYSTEM32\POWRPROF.dll
0x00007ffecc3a0000 - 0x00007ffecc3a9000 	C:\WINDOWS\SYSTEM32\WSOCK32.dll
0x00007ffed19f0000 - 0x00007ffed1a5b000 	C:\WINDOWS\System32\WS2_32.dll
0x00007ffec1bd0000 - 0x00007ffec1bf7000 	C:\WINDOWS\SYSTEM32\WINMM.dll
0x00007ffec41f0000 - 0x00007ffec41fa000 	C:\WINDOWS\SYSTEM32\VERSION.dll
0x00007ffed0eb0000 - 0x00007ffed0ec2000 	C:\WINDOWS\SYSTEM32\UMPDC.dll
0x00007ffecee30000 - 0x00007ffecee42000 	C:\WINDOWS\SYSTEM32\kernel.appcore.dll
0x00007ffeca640000 - 0x00007ffeca64a000 	C:\Program Files\Microsoft\jdk-17.0.8.7-hotspot\bin\jimage.dll
0x00007ffebd640000 - 0x00007ffebd824000 	C:\WINDOWS\SYSTEM32\DBGHELP.DLL
0x00007ffebd600000 - 0x00007ffebd634000 	C:\WINDOWS\SYSTEM32\dbgcore.DLL
0x00007ffed1730000 - 0x00007ffed17b2000 	C:\WINDOWS\System32\bcryptPrimitives.dll
0x00007ffec1390000 - 0x00007ffec139e000 	C:\Program Files\Microsoft\jdk-17.0.8.7-hotspot\bin\instrument.dll
0x00007ffec9c90000 - 0x00007ffec9cb5000 	C:\Program Files\Microsoft\jdk-17.0.8.7-hotspot\bin\java.dll
0x00007ffea17a0000 - 0x00007ffea1877000 	C:\Program Files\Microsoft\jdk-17.0.8.7-hotspot\bin\jsvml.dll
0x00007ffed27c0000 - 0x00007ffed2f2d000 	C:\WINDOWS\System32\SHELL32.dll
0x00007ffecf110000 - 0x00007ffecf8b4000 	C:\WINDOWS\SYSTEM32\windows.storage.dll
0x00007ffed1b70000 - 0x00007ffed1ec5000 	C:\WINDOWS\System32\combase.dll
0x00007ffed09d0000 - 0x00007ffed09fb000 	C:\WINDOWS\SYSTEM32\Wldp.dll
0x00007ffed3240000 - 0x00007ffed330d000 	C:\WINDOWS\System32\OLEAUT32.dll
0x00007ffed2270000 - 0x00007ffed231d000 	C:\WINDOWS\System32\SHCORE.dll
0x00007ffed1b00000 - 0x00007ffed1b55000 	C:\WINDOWS\System32\shlwapi.dll
0x00007ffed0fa0000 - 0x00007ffed0fc5000 	C:\WINDOWS\SYSTEM32\profapi.dll
0x00007ffec9760000 - 0x00007ffec9778000 	C:\Program Files\Microsoft\jdk-17.0.8.7-hotspot\bin\zip.dll
0x00007ffec9c70000 - 0x00007ffec9c89000 	C:\Program Files\Microsoft\jdk-17.0.8.7-hotspot\bin\net.dll
0x00007ffecb6d0000 - 0x00007ffecb7da000 	C:\WINDOWS\SYSTEM32\WINHTTP.dll
0x00007ffed0730000 - 0x00007ffed079c000 	C:\WINDOWS\system32\mswsock.dll
0x00007ffec9b30000 - 0x00007ffec9b46000 	C:\Program Files\Microsoft\jdk-17.0.8.7-hotspot\bin\nio.dll
0x00007ffeca560000 - 0x00007ffeca570000 	C:\Program Files\Microsoft\jdk-17.0.8.7-hotspot\bin\verify.dll
0x00007ffec0eb0000 - 0x00007ffec0ed7000 	C:\Users\software_team\.gradle\native\1def1411415f61bf3af743bc5b6707747c0891f09f0c88961ee8f79bc544acac\windows-amd64\native-platform.dll
0x000000005f100000 - 0x000000005f173000 	C:\Users\software_team\.gradle\native\0.2.5\x86_64-windows-gnu\gradle-fileevents.dll
0x00007ffec97a0000 - 0x00007ffec97a9000 	C:\Program Files\Microsoft\jdk-17.0.8.7-hotspot\bin\management.dll
0x00007ffec48b0000 - 0x00007ffec48bb000 	C:\Program Files\Microsoft\jdk-17.0.8.7-hotspot\bin\management_ext.dll
0x00007ffed1b60000 - 0x00007ffed1b68000 	C:\WINDOWS\System32\PSAPI.DLL
0x00007ffed0930000 - 0x00007ffed0948000 	C:\WINDOWS\SYSTEM32\CRYPTSP.dll
0x00007ffed0050000 - 0x00007ffed0088000 	C:\WINDOWS\system32\rsaenh.dll
0x00007ffed0f60000 - 0x00007ffed0f8e000 	C:\WINDOWS\SYSTEM32\USERENV.dll
0x00007ffed0920000 - 0x00007ffed092c000 	C:\WINDOWS\SYSTEM32\CRYPTBASE.dll
0x00007ffed0410000 - 0x00007ffed044b000 	C:\WINDOWS\SYSTEM32\IPHLPAPI.DLL
0x00007ffed33d0000 - 0x00007ffed33d8000 	C:\WINDOWS\System32\NSI.dll
0x00007ffecb980000 - 0x00007ffecb997000 	C:\WINDOWS\SYSTEM32\dhcpcsvc6.DLL
0x00007ffecb960000 - 0x00007ffecb97d000 	C:\WINDOWS\SYSTEM32\dhcpcsvc.DLL
0x00007ffed0450000 - 0x00007ffed051a000 	C:\WINDOWS\SYSTEM32\DNSAPI.dll
0x00007ffec0990000 - 0x00007ffec099e000 	C:\Program Files\Microsoft\jdk-17.0.8.7-hotspot\bin\sunmscapi.dll
0x00007ffed1890000 - 0x00007ffed19ec000 	C:\WINDOWS\System32\CRYPT32.dll
0x00007ffed0a40000 - 0x00007ffed0a67000 	C:\WINDOWS\SYSTEM32\ncrypt.dll
0x00007ffed0a00000 - 0x00007ffed0a3b000 	C:\WINDOWS\SYSTEM32\NTASN1.dll
0x00007ffec0620000 - 0x00007ffec0627000 	C:\WINDOWS\system32\wshunix.dll
0x000000005f080000 - 0x000000005f0f3000 	C:\Users\software_team\AppData\Local\Temp\native-platform8278800377644234248dir\gradle-fileevents.dll
0x00007ffec4d30000 - 0x00007ffec4d3a000 	C:\Windows\System32\rasadhlp.dll
0x00007ffec5e20000 - 0x00007ffec5ea0000 	C:\WINDOWS\System32\fwpuclnt.dll
0x00007ffe8b0c0000 - 0x00007ffe8b0d7000 	C:\WINDOWS\system32\napinsp.dll
0x00007ffe8b0e0000 - 0x00007ffe8b0fb000 	C:\WINDOWS\system32\pnrpnsp.dll
0x00007ffebf010000 - 0x00007ffebf025000 	C:\WINDOWS\system32\wshbth.dll
0x00007ffecc7e0000 - 0x00007ffecc7fd000 	C:\WINDOWS\system32\NLAapi.dll
0x00007ffe8b100000 - 0x00007ffe8b112000 	C:\WINDOWS\System32\winrnr.dll
0x00007ffeca690000 - 0x00007ffeca697000 	C:\Program Files\Microsoft\jdk-17.0.8.7-hotspot\bin\rmi.dll

dbghelp: loaded successfully - version: 4.0.5 - missing functions: none
symbol engine: initialized successfully - sym options: 0x614 - pdb path: .;C:\Program Files\Microsoft\jdk-17.0.8.7-hotspot\bin;C:\WINDOWS\SYSTEM32;C:\WINDOWS\WinSxS\amd64_microsoft.windows.common-controls_6595b64144ccf1df_6.0.19041.4355_none_60b8b9eb71f62e16;C:\Program Files\Microsoft\jdk-17.0.8.7-hotspot\bin\server;C:\Users\software_team\.gradle\native\1def1411415f61bf3af743bc5b6707747c0891f09f0c88961ee8f79bc544acac\windows-amd64;C:\Users\software_team\.gradle\native\0.2.5\x86_64-windows-gnu;C:\Users\software_team\AppData\Local\Temp\native-platform8278800377644234248dir

VM Arguments:
jvm_args: --add-opens=java.base/java.lang=ALL-UNNAMED --add-opens=java.base/java.lang.invoke=ALL-UNNAMED --add-opens=java.base/java.util=ALL-UNNAMED --add-opens=java.prefs/java.util.prefs=ALL-UNNAMED --add-exports=jdk.compiler/com.sun.tools.javac.api=ALL-UNNAMED --add-exports=jdk.compiler/com.sun.tools.javac.util=ALL-UNNAMED --add-opens=java.base/java.util=ALL-UNNAMED --add-opens=java.prefs/java.util.prefs=ALL-UNNAMED --add-opens=java.base/java.nio.charset=ALL-UNNAMED --add-opens=java.base/java.net=ALL-UNNAMED --add-opens=java.base/java.util.concurrent.atomic=ALL-UNNAMED --add-opens=java.xml/javax.xml.namespace=ALL-UNNAMED -XX:MaxMetaspaceSize=512m -Xmx2048m -Dfile.encoding=windows-1252 -Duser.country=IN -Duser.language=en -Duser.variant -javaagent:C:\Users\software_team\.gradle\wrapper\dists\gradle-8.12-all\ejduaidbjup3bmmkhw3rie4zb\gradle-8.12\lib\agents\gradle-instrumentation-agent-8.12.jar 
java_command: org.gradle.launcher.daemon.bootstrap.GradleDaemon 8.12
java_class_path (initial): C:\Users\software_team\.gradle\wrapper\dists\gradle-8.12-all\ejduaidbjup3bmmkhw3rie4zb\gradle-8.12\lib\gradle-daemon-main-8.12.jar
Launcher Type: SUN_STANDARD

[Global flags]
     intx CICompilerCount                          = 3                                         {product} {ergonomic}
   size_t CompressedClassSpaceSize                 = 436207616                                 {product} {ergonomic}
     uint ConcGCThreads                            = 1                                         {product} {ergonomic}
     uint G1ConcRefinementThreads                  = 4                                         {product} {ergonomic}
   size_t G1HeapRegionSize                         = 1048576                                   {product} {ergonomic}
    uintx GCDrainStackTargetSize                   = 64                                        {product} {ergonomic}
   size_t InitialHeapSize                          = 199229440                                 {product} {ergonomic}
   size_t MarkStackSize                            = 4194304                                   {product} {ergonomic}
   size_t MaxHeapSize                              = 2147483648                                {product} {command line}
   size_t MaxMetaspaceSize                         = 536870912                                 {product} {command line}
   size_t MaxNewSize                               = 1287651328                                {product} {ergonomic}
   size_t MinHeapDeltaBytes                        = 1048576                                   {product} {ergonomic}
   size_t MinHeapSize                              = 8388608                                   {product} {ergonomic}
    uintx NonNMethodCodeHeapSize                   = 5832780                                {pd product} {ergonomic}
    uintx NonProfiledCodeHeapSize                  = 122912730                              {pd product} {ergonomic}
    uintx ProfiledCodeHeapSize                     = 122912730                              {pd product} {ergonomic}
    uintx ReservedCodeCacheSize                    = 251658240                              {pd product} {ergonomic}
     bool SegmentedCodeCache                       = true                                      {product} {ergonomic}
   size_t SoftMaxHeapSize                          = 2147483648                             {manageable} {ergonomic}
     bool UseCompressedClassPointers               = true                           {product lp64_product} {ergonomic}
     bool UseCompressedOops                        = true                           {product lp64_product} {ergonomic}
     bool UseG1GC                                  = true                                      {product} {ergonomic}
     bool UseLargePagesIndividualAllocation        = false                                  {pd product} {ergonomic}

Logging:
Log output configuration:
 #0: stdout all=warning uptime,level,tags
 #1: stderr all=off uptime,level,tags

Environment Variables:
CLASSPATH=C:\vipin\xicomproject\android\\gradle\wrapper\gradle-wrapper.jar
PATH=C:\Users\SOFTWA~1\AppData\Local\Temp\yarn--1742881661464-0.4251271381959556;C:\vipin\xicomproject\node_modules\.bin;C:\Users\software_team\AppData\Local\Yarn\Data\link\node_modules\.bin;C:\Users\software_team\AppData\Local\Yarn\bin;C:\nvm4w\libexec\lib\node_modules\npm\bin\node-gyp-bin;C:\nvm4w\lib\node_modules\npm\bin\node-gyp-bin;C:\nvm4w\nodejs\node_modules\npm\bin\node-gyp-bin;C:\Users\software_team\Desktop\Software\WINDOWS.X64_193000_db_home\bin;C:\Program Files\Microsoft\jdk-17.0.8.7-hotspot\bin;C:\Python312\Scripts\;C:\Python312\;C:\WINDOWS\system32;C:\WINDOWS;C:\WINDOWS\System32\Wbem;C:\WINDOWS\System32\WindowsPowerShell\v1.0\;C:\WINDOWS\System32\OpenSSH\;C:\ProgramData\chocolatey\bin;C:\Program Files\Git\cmd;C:\Program Files\Microsoft SQL Server\Client SDK\ODBC\110\Tools\Binn\;C:\Program Files\Microsoft SQL Server\Client SDK\ODBC\170\Tools\Binn\;C:\Program Files (x86)\Microsoft SQL Server\160\Tools\Binn\;C:\Program Files\Microsoft SQL Server\160\Tools\Binn\;C:\Program Files\Microsoft SQL Server\160\DTS\Binn\;C:\Program Files (x86)\Microsoft SQL Server\120\Tools\Binn\ManagementStudio\;C:\Program Files (x86)\Microsoft SQL Server\120\Tools\Binn\;C:\Program Files\Microsoft SQL Server\120\Tools\Binn\;C:\Program Files (x86)\Microsoft SQL Server\120\DTS\Binn\;C:\Program Files\Microsoft SQL Server\120\DTS\Binn\;C:\Program Files\Microsoft SQL Server\150\Tools\Binn\;C:\Program Files\Microsoft SQL Server\130\Tools\Binn\;C:\Program Files (x86)\Microsoft SQL Server\110\DTS\Binn\;C:\Program Files (x86)\Microsoft SQL Server\130\DTS\Binn\;C:\Program Files (x86)\Microsoft SQL Server\140\DTS\Binn\;C:\Users\software_team\AppData\Local\nvm;C:\nvm4w\nodejs;C:\Windows\System32;C:\flutter\bin;C:\Users\software_team\AppData\Local\Android\Sdk\tools;C:\Users\software_team\AppData\Local\Microsoft\WindowsApps;C:\Users\software_team\AppData\Roaming\npm;C:\Users\software_team\AppData\Local\Android\Sdk\platform-tools;C:\Program Files\OpenSSL-Win64\bin;C:\Users\software_team\AppData\Loc
USERNAME=software_team
LANG=en_US.UTF-8
OS=Windows_NT
PROCESSOR_IDENTIFIER=Intel64 Family 6 Model 42 Stepping 7, GenuineIntel
TMP=C:\Users\SOFTWA~1\AppData\Local\Temp
TEMP=C:\Users\SOFTWA~1\AppData\Local\Temp



---------------  S Y S T E M  ---------------

OS:
 Windows 10 , 64 bit Build 19041 (10.0.19041.5438)
OS uptime: 1 days 0:56 hours

CPU: total 4 (initial active 4) (4 cores per cpu, 1 threads per core) family 6 model 42 stepping 7 microcode 0x2f, cx8, cmov, fxsr, mmx, sse, sse2, sse3, ssse3, sse4.1, sse4.2, popcnt, tsc, tscinvbit, avx, aes, clmul, vzeroupper, clflush
Processor Information for all 4 processors :
  Max Mhz: 3101, Current Mhz: 3101, Mhz Limit: 3101

Memory: 4k page, system-wide physical 12079M (321M free)
TotalPageFile size 16703M (AvailPageFile size 7760M)
current process WorkingSet (physical memory assigned to process): 567M, peak: 569M
current process commit charge ("private bytes"): 602M, peak: 604M

vm_info: OpenJDK 64-Bit Server VM (17.0.8+7-LTS) for windows-amd64 JRE (17.0.8+7-LTS), built on Jul  7 2023 17:21:55 by "MicrosoftCorporation" with MS VC++ 16.10 / 16.11 (VS2019)

END.
